2025-11-04T11:13:56.1145590+02:00  [INF] User profile is available. Using '"C:\Users\ThatoTs\AppData\Local\ASP.NET\DataProtection-Keys"' as key repository and Windows DPAPI to encrypt keys at rest. (7ac5e29c)
2025-11-04T11:13:56.5395657+02:00  [INF] Now listening on: "https://localhost:7150" (d826f4b8)
2025-11-04T11:13:56.5427164+02:00  [INF] Now listening on: "http://localhost:5031" (d826f4b8)
2025-11-04T11:18:12.9825158+02:00  [INF] User profile is available. Using '"C:\Users\ThatoTs\AppData\Local\ASP.NET\DataProtection-Keys"' as key repository and Windows DPAPI to encrypt keys at rest. (7ac5e29c)
2025-11-04T11:18:13.3911313+02:00  [INF] Now listening on: "https://localhost:7150" (d826f4b8)
2025-11-04T11:18:13.3938804+02:00  [INF] Now listening on: "http://localhost:5031" (d826f4b8)
2025-11-04T11:18:13.4668505+02:00  [INF] Application started. Press Ctrl+C to shut down. (dcaefe54)
2025-11-04T11:18:13.4708738+02:00  [INF] Hosting environment: "Development" (bc5a1a4e)
2025-11-04T11:18:13.4742350+02:00  [INF] Content root path: "D:\HomeSpace\E_Prescribing_API\E_Prescribing_API" (cc26f24e)
2025-11-04T11:18:16.7945269+02:00 0HNGRGCADOSAB:00000003 [INF] Request starting "HTTP/2" "GET" "https"://"localhost:7150""""/swagger""" - null null (d509f86a)
2025-11-04T11:18:17.0335762+02:00 0HNGRGCADOSAB:00000003 [INF] Request finished "HTTP/2" "GET" "https"://"localhost:7150""""/swagger""" - 301 0 null 248.2831ms (74253ad3)
2025-11-04T11:18:17.0745388+02:00 0HNGRGCADOSAB:00000005 [INF] Request starting "HTTP/2" "GET" "https"://"localhost:7150""""/swagger/index.html""" - null null (d509f86a)
2025-11-04T11:18:17.2142483+02:00 0HNGRGCADOSAB:00000005 [INF] Request finished "HTTP/2" "GET" "https"://"localhost:7150""""/swagger/index.html""" - 200 null "text/html;charset=utf-8" 139.736ms (74253ad3)
2025-11-04T11:18:17.3034851+02:00 0HNGRGCADOSAB:00000007 [INF] Request starting "HTTP/2" "GET" "https"://"localhost:7150""""/_framework/aspnetcore-browser-refresh.js""" - null null (d509f86a)
2025-11-04T11:18:17.3145622+02:00 0HNGRGCADOSAB:00000007 [INF] Request finished "HTTP/2" "GET" "https"://"localhost:7150""""/_framework/aspnetcore-browser-refresh.js""" - 200 13770 "application/javascript; charset=utf-8" 11.131ms (74253ad3)
2025-11-04T11:18:17.3421367+02:00 0HNGRGCADOSAB:00000009 [INF] Request starting "HTTP/2" "GET" "https"://"localhost:7150""""/_vs/browserLink""" - null null (d509f86a)
2025-11-04T11:18:17.4251448+02:00 0HNGRGCADOSAB:00000009 [INF] Request finished "HTTP/2" "GET" "https"://"localhost:7150""""/_vs/browserLink""" - 200 null "text/javascript; charset=UTF-8" 83.3656ms (74253ad3)
2025-11-04T11:18:17.6592096+02:00 0HNGRGCADOSAB:0000000B [INF] Request starting "HTTP/2" "GET" "https"://"localhost:7150""""/swagger/v1/swagger.json""" - null null (d509f86a)
2025-11-04T11:18:17.8420122+02:00 0HNGRGCADOSAB:0000000B [INF] Request finished "HTTP/2" "GET" "https"://"localhost:7150""""/swagger/v1/swagger.json""" - 200 null "application/json;charset=utf-8" 182.8894ms (74253ad3)
2025-11-04T11:19:03.0855357+02:00 0HNGRGCADOSAB:0000000D [INF] Request starting "HTTP/2" "POST" "https"://"localhost:7150""""/api/Account/Login""" - "application/json" 58 (d509f86a)
2025-11-04T11:19:03.0937721+02:00 0HNGRGCADOSAB:0000000D [INF] Executing endpoint '"E_Prescribing_API.Controllers.AccountController.Login (E_Prescribing_API)"' (500cc934)
2025-11-04T11:19:03.1206614+02:00 0HNGRGCADOSAB:0000000D [INF] Route matched with "{action = \"Login\", controller = \"Account\"}". Executing controller action with signature "System.Threading.Tasks.Task`1[Microsoft.AspNetCore.Mvc.IActionResult] Login(E_Prescribing_API.CollectionModel.LoginCollection)" on controller "E_Prescribing_API.Controllers.AccountController" ("E_Prescribing_API"). (122b2fdf)
2025-11-04T11:19:04.8478037+02:00 0HNGRGCADOSAB:0000000D [INF] Executed DbCommand ("68"ms) [Parameters=["@__normalizedUserName_0='?' (Size = 256)"], CommandType='Text', CommandTimeout='30']"
""SELECT TOP(1) [a].[Id], [a].[AccessFailedCount], [a].[ConcurrencyStamp], [a].[Email], [a].[EmailConfirmed], [a].[LockoutEnabled], [a].[LockoutEnd], [a].[NormalizedEmail], [a].[NormalizedUserName], [a].[PasswordHash], [a].[PhoneNumber], [a].[PhoneNumberConfirmed], [a].[SecurityStamp], [a].[TwoFactorEnabled], [a].[UserName]
FROM [AspNetUsers] AS [a]
WHERE [a].[NormalizedUserName] = @__normalizedUserName_0" (0723d8ff)
2025-11-04T11:19:05.1404961+02:00 0HNGRGCADOSAB:0000000D [INF] Executed DbCommand ("10"ms) [Parameters=["@__userId_0='?' (DbType = Int32)"], CommandType='Text', CommandTimeout='30']"
""SELECT [a0].[Name]
FROM [AspNetUserRoles] AS [a]
INNER JOIN [AspNetRoles] AS [a0] ON [a].[RoleId] = [a0].[Id]
WHERE [a].[UserId] = @__userId_0" (0723d8ff)
2025-11-04T11:19:05.2849330+02:00 0HNGRGCADOSAB:0000000D [INF] Executing "OkObjectResult", writing value of type '"<>f__AnonymousType1`3[[System.String, System.Private.CoreLib, Version=8.0.0.0, Culture=neutral, PublicKeyToken=7cec85d7bea7798e],[System.Nullable`1[[System.DateTime, System.Private.CoreLib, Version=8.0.0.0, Culture=neutral, PublicKeyToken=7cec85d7bea7798e]], System.Private.CoreLib, Version=8.0.0.0, Culture=neutral, PublicKeyToken=7cec85d7bea7798e],[<>f__AnonymousType2`3[[System.Int32, System.Private.CoreLib, Version=8.0.0.0, Culture=neutral, PublicKeyToken=7cec85d7bea7798e],[System.String, System.Private.CoreLib, Version=8.0.0.0, Culture=neutral, PublicKeyToken=7cec85d7bea7798e],[System.Collections.Generic.IList`1[[System.String, System.Private.CoreLib, Version=8.0.0.0, Culture=neutral, PublicKeyToken=7cec85d7bea7798e]], System.Private.CoreLib, Version=8.0.0.0, Culture=neutral, PublicKeyToken=7cec85d7bea7798e]], E_Prescribing_API, Version=1.0.0.0, Culture=neutral, PublicKeyToken=null]]"'. (605b4265)
2025-11-04T11:19:05.3042704+02:00 0HNGRGCADOSAB:0000000D [INF] Executed action "E_Prescribing_API.Controllers.AccountController.Login (E_Prescribing_API)" in 2179.0211ms (afa2e885)
2025-11-04T11:19:05.3048843+02:00 0HNGRGCADOSAB:0000000D [INF] Executed endpoint '"E_Prescribing_API.Controllers.AccountController.Login (E_Prescribing_API)"' (99874f2b)
2025-11-04T11:19:05.3150782+02:00 0HNGRGCADOSAB:0000000D [INF] Request finished "HTTP/2" "POST" "https"://"localhost:7150""""/api/Account/Login""" - 200 null "application/json; charset=utf-8" 2230.1091ms (74253ad3)
2025-11-04T11:41:47.5938579+02:00  [INF] User profile is available. Using '"C:\Users\ThatoTs\AppData\Local\ASP.NET\DataProtection-Keys"' as key repository and Windows DPAPI to encrypt keys at rest. (7ac5e29c)
2025-11-04T11:41:47.8763989+02:00  [INF] Now listening on: "https://localhost:7150" (d826f4b8)
2025-11-04T11:41:47.8782576+02:00  [INF] Now listening on: "http://localhost:5031" (d826f4b8)
2025-11-04T11:41:47.9389667+02:00  [INF] Application started. Press Ctrl+C to shut down. (dcaefe54)
2025-11-04T11:41:47.9413805+02:00  [INF] Hosting environment: "Development" (bc5a1a4e)
2025-11-04T11:41:47.9431615+02:00  [INF] Content root path: "D:\HomeSpace\E_Prescribing_API\E_Prescribing_API" (cc26f24e)
2025-11-04T11:41:50.1541760+02:00 0HNGRGPFVTUNN:00000003 [INF] Request starting "HTTP/2" "GET" "https"://"localhost:7150""""/swagger""" - null null (d509f86a)
2025-11-04T11:41:50.6333327+02:00 0HNGRGPFVTUNN:00000003 [INF] Request finished "HTTP/2" "GET" "https"://"localhost:7150""""/swagger""" - 301 0 null 489.2309ms (74253ad3)
2025-11-04T11:41:50.6770616+02:00 0HNGRGPFVTUNN:00000005 [INF] Request starting "HTTP/2" "GET" "https"://"localhost:7150""""/swagger/index.html""" - null null (d509f86a)
2025-11-04T11:41:50.9076932+02:00 0HNGRGPFVTUNN:00000005 [INF] Request finished "HTTP/2" "GET" "https"://"localhost:7150""""/swagger/index.html""" - 200 null "text/html;charset=utf-8" 230.8032ms (74253ad3)
2025-11-04T11:41:50.9664781+02:00 0HNGRGPFVTUNN:00000007 [INF] Request starting "HTTP/2" "GET" "https"://"localhost:7150""""/_framework/aspnetcore-browser-refresh.js""" - null null (d509f86a)
2025-11-04T11:41:50.9747835+02:00 0HNGRGPFVTUNN:00000009 [INF] Request starting "HTTP/2" "GET" "https"://"localhost:7150""""/swagger/swagger-ui.css""" - null null (d509f86a)
2025-11-04T11:41:50.9816772+02:00 0HNGRGPFVTUNN:00000007 [INF] Request finished "HTTP/2" "GET" "https"://"localhost:7150""""/_framework/aspnetcore-browser-refresh.js""" - 200 13770 "application/javascript; charset=utf-8" 19.1489ms (74253ad3)
2025-11-04T11:41:51.0159939+02:00 0HNGRGPFVTUNN:0000000B [INF] Request starting "HTTP/2" "GET" "https"://"localhost:7150""""/_vs/browserLink""" - null null (d509f86a)
2025-11-04T11:41:51.0496297+02:00 0HNGRGPFVTUNN:00000009 [INF] Sending file. Request path: '"/swagger-ui.css"'. Physical path: '"N/A"' (27b0a520)
2025-11-04T11:41:51.0500105+02:00 0HNGRGPFVTUNN:00000009 [INF] Request finished "HTTP/2" "GET" "https"://"localhost:7150""""/swagger/swagger-ui.css""" - 499 152034 "text/css" 76.3607ms (74253ad3)
2025-11-04T11:41:51.2640034+02:00 0HNGRGPFVTUNN:0000000B [INF] Request finished "HTTP/2" "GET" "https"://"localhost:7150""""/_vs/browserLink""" - 200 null "text/javascript; charset=UTF-8" 278.895ms (74253ad3)
2025-11-04T11:41:51.3853872+02:00 0HNGRGPFVTUNN:0000000D [INF] Request starting "HTTP/2" "GET" "https"://"localhost:7150""""/swagger/favicon-16x16.png""" - null null (d509f86a)
2025-11-04T11:41:51.3908047+02:00 0HNGRGPFVTUNN:0000000D [INF] Sending file. Request path: '"/favicon-16x16.png"'. Physical path: '"N/A"' (27b0a520)
2025-11-04T11:41:51.3922962+02:00 0HNGRGPFVTUNN:0000000D [INF] Request finished "HTTP/2" "GET" "https"://"localhost:7150""""/swagger/favicon-16x16.png""" - 499 665 "image/png" 5.9479ms (74253ad3)
2025-11-04T11:41:51.6237163+02:00 0HNGRGPFVTUNN:0000000F [INF] Request starting "HTTP/2" "GET" "https"://"localhost:7150""""/swagger/v1/swagger.json""" - null null (d509f86a)
2025-11-04T11:41:51.9360430+02:00 0HNGRGPFVTUNN:0000000F [INF] Request finished "HTTP/2" "GET" "https"://"localhost:7150""""/swagger/v1/swagger.json""" - 200 null "application/json;charset=utf-8" 312.4356ms (74253ad3)
2025-11-04T11:43:52.9053249+02:00 0HNGRGPFVTUNN:00000011 [INF] Request starting "HTTP/2" "GET" "https"://"localhost:7150""""/api/Landing/GetNurse""" - null null (d509f86a)
2025-11-04T11:43:52.9191915+02:00 0HNGRGPFVTUNN:00000011 [INF] Authorization failed. "These requirements were not met:
RolesAuthorizationRequirement:User.IsInRole must be true for one of the following roles: (Nurse)" (92d7f7d3)
2025-11-04T11:43:52.9221301+02:00 0HNGRGPFVTUNN:00000011 [INF] AuthenticationScheme: "Identity.Bearer" was challenged. (d45f1f38)
2025-11-04T11:43:52.9224256+02:00 0HNGRGPFVTUNN:00000011 [INF] Request finished "HTTP/2" "GET" "https"://"localhost:7150""""/api/Landing/GetNurse""" - 401 0 null 17.3086ms (74253ad3)
2025-11-04T11:45:31.3461636+02:00 0HNGRGPFVTUNN:00000013 [INF] Request starting "HTTP/2" "GET" "https"://"localhost:7150""""/api/Landing/GetNurse""" - null null (d509f86a)
2025-11-04T11:45:31.3549684+02:00 0HNGRGPFVTUNN:00000013 [INF] Authorization failed. "These requirements were not met:
RolesAuthorizationRequirement:User.IsInRole must be true for one of the following roles: (Nurse)" (92d7f7d3)
2025-11-04T11:45:31.3554945+02:00 0HNGRGPFVTUNN:00000013 [INF] AuthenticationScheme: "Identity.Bearer" was challenged. (d45f1f38)
2025-11-04T11:45:31.3556755+02:00 0HNGRGPFVTUNN:00000013 [INF] Request finished "HTTP/2" "GET" "https"://"localhost:7150""""/api/Landing/GetNurse""" - 401 0 null 9.6904ms (74253ad3)
2025-11-04T11:46:37.8044007+02:00 0HNGRGPFVTUNN:00000015 [INF] Request starting "HTTP/2" "POST" "https"://"localhost:7150""""/api/Account/Login""" - "application/json" 58 (d509f86a)
2025-11-04T11:46:37.8108083+02:00 0HNGRGPFVTUNN:00000015 [INF] Executing endpoint '"E_Prescribing_API.Controllers.AccountController.Login (E_Prescribing_API)"' (500cc934)
2025-11-04T11:46:37.8465449+02:00 0HNGRGPFVTUNN:00000015 [INF] Route matched with "{action = \"Login\", controller = \"Account\"}". Executing controller action with signature "System.Threading.Tasks.Task`1[Microsoft.AspNetCore.Mvc.IActionResult] Login(E_Prescribing_API.CollectionModel.LoginCollection)" on controller "E_Prescribing_API.Controllers.AccountController" ("E_Prescribing_API"). (122b2fdf)
2025-11-04T11:46:40.4885418+02:00 0HNGRGPFVTUNN:00000015 [INF] Executed DbCommand ("129"ms) [Parameters=["@__normalizedUserName_0='?' (Size = 256)"], CommandType='Text', CommandTimeout='30']"
""SELECT TOP(1) [a].[Id], [a].[AccessFailedCount], [a].[ConcurrencyStamp], [a].[Email], [a].[EmailConfirmed], [a].[LockoutEnabled], [a].[LockoutEnd], [a].[NormalizedEmail], [a].[NormalizedUserName], [a].[PasswordHash], [a].[PhoneNumber], [a].[PhoneNumberConfirmed], [a].[SecurityStamp], [a].[TwoFactorEnabled], [a].[UserName]
FROM [AspNetUsers] AS [a]
WHERE [a].[NormalizedUserName] = @__normalizedUserName_0" (0723d8ff)
2025-11-04T11:46:40.9032998+02:00 0HNGRGPFVTUNN:00000015 [INF] Executed DbCommand ("16"ms) [Parameters=["@__userId_0='?' (DbType = Int32)"], CommandType='Text', CommandTimeout='30']"
""SELECT [a0].[Name]
FROM [AspNetUserRoles] AS [a]
INNER JOIN [AspNetRoles] AS [a0] ON [a].[RoleId] = [a0].[Id]
WHERE [a].[UserId] = @__userId_0" (0723d8ff)
2025-11-04T11:46:41.1000031+02:00 0HNGRGPFVTUNN:00000015 [INF] Executing "OkObjectResult", writing value of type '"<>f__AnonymousType1`3[[System.String, System.Private.CoreLib, Version=8.0.0.0, Culture=neutral, PublicKeyToken=7cec85d7bea7798e],[System.Nullable`1[[System.DateTime, System.Private.CoreLib, Version=8.0.0.0, Culture=neutral, PublicKeyToken=7cec85d7bea7798e]], System.Private.CoreLib, Version=8.0.0.0, Culture=neutral, PublicKeyToken=7cec85d7bea7798e],[<>f__AnonymousType2`3[[System.Int32, System.Private.CoreLib, Version=8.0.0.0, Culture=neutral, PublicKeyToken=7cec85d7bea7798e],[System.String, System.Private.CoreLib, Version=8.0.0.0, Culture=neutral, PublicKeyToken=7cec85d7bea7798e],[System.Collections.Generic.IList`1[[System.String, System.Private.CoreLib, Version=8.0.0.0, Culture=neutral, PublicKeyToken=7cec85d7bea7798e]], System.Private.CoreLib, Version=8.0.0.0, Culture=neutral, PublicKeyToken=7cec85d7bea7798e]], E_Prescribing_API, Version=1.0.0.0, Culture=neutral, PublicKeyToken=null]]"'. (605b4265)
2025-11-04T11:46:41.1181103+02:00 0HNGRGPFVTUNN:00000015 [INF] Executed action "E_Prescribing_API.Controllers.AccountController.Login (E_Prescribing_API)" in 3267.1596ms (afa2e885)
2025-11-04T11:46:41.1186119+02:00 0HNGRGPFVTUNN:00000015 [INF] Executed endpoint '"E_Prescribing_API.Controllers.AccountController.Login (E_Prescribing_API)"' (99874f2b)
2025-11-04T11:46:41.1296420+02:00 0HNGRGPFVTUNN:00000015 [INF] Request finished "HTTP/2" "POST" "https"://"localhost:7150""""/api/Account/Login""" - 200 null "application/json; charset=utf-8" 3328.3428ms (74253ad3)
2025-11-04T11:47:01.9994065+02:00 0HNGRGPFVTUNN:00000017 [INF] Request starting "HTTP/2" "GET" "https"://"localhost:7150""""/api/Landing/GetNurse""" - null null (d509f86a)
2025-11-04T11:47:02.0018774+02:00 0HNGRGPFVTUNN:00000017 [INF] Authorization failed. "These requirements were not met:
RolesAuthorizationRequirement:User.IsInRole must be true for one of the following roles: (Nurse)" (92d7f7d3)
2025-11-04T11:47:02.0021640+02:00 0HNGRGPFVTUNN:00000017 [INF] AuthenticationScheme: "Identity.Bearer" was challenged. (d45f1f38)
2025-11-04T11:47:02.0023303+02:00 0HNGRGPFVTUNN:00000017 [INF] Request finished "HTTP/2" "GET" "https"://"localhost:7150""""/api/Landing/GetNurse""" - 401 0 null 3.2168ms (74253ad3)
2025-11-04T12:33:19.3356967+02:00  [INF] User profile is available. Using '"C:\Users\ThatoTs\AppData\Local\ASP.NET\DataProtection-Keys"' as key repository and Windows DPAPI to encrypt keys at rest. (7ac5e29c)
2025-11-04T12:33:19.6701648+02:00  [INF] Now listening on: "https://localhost:7150" (d826f4b8)
2025-11-04T12:33:19.6732912+02:00  [INF] Now listening on: "http://localhost:5031" (d826f4b8)
2025-11-04T12:33:19.7478483+02:00  [INF] Application started. Press Ctrl+C to shut down. (dcaefe54)
2025-11-04T12:33:19.7520640+02:00  [INF] Hosting environment: "Development" (bc5a1a4e)
2025-11-04T12:33:19.7548400+02:00  [INF] Content root path: "D:\HomeSpace\E_Prescribing_API\E_Prescribing_API" (cc26f24e)
2025-11-04T12:33:22.3027630+02:00 0HNGRHM9CL4N8:00000003 [INF] Request starting "HTTP/2" "GET" "https"://"localhost:7150""""/swagger""" - null null (d509f86a)
2025-11-04T12:33:22.6382635+02:00 0HNGRHM9CL4N8:00000003 [INF] Request finished "HTTP/2" "GET" "https"://"localhost:7150""""/swagger""" - 301 0 null 345.1308ms (74253ad3)
2025-11-04T12:33:22.7459227+02:00 0HNGRHM9CL4N8:00000005 [INF] Request starting "HTTP/2" "GET" "https"://"localhost:7150""""/swagger/index.html""" - null null (d509f86a)
2025-11-04T12:33:22.8668685+02:00 0HNGRHM9CL4N8:00000005 [INF] Request finished "HTTP/2" "GET" "https"://"localhost:7150""""/swagger/index.html""" - 200 null "text/html;charset=utf-8" 121.1162ms (74253ad3)
2025-11-04T12:33:22.9138510+02:00 0HNGRHM9CL4N8:00000007 [INF] Request starting "HTTP/2" "GET" "https"://"localhost:7150""""/_framework/aspnetcore-browser-refresh.js""" - null null (d509f86a)
2025-11-04T12:33:22.9140289+02:00 0HNGRHM9CL4N8:00000009 [INF] Request starting "HTTP/2" "GET" "https"://"localhost:7150""""/swagger/swagger-ui.css""" - null null (d509f86a)
2025-11-04T12:33:22.9164299+02:00 0HNGRHM9CL4N8:0000000B [INF] Request starting "HTTP/2" "GET" "https"://"localhost:7150""""/_vs/browserLink""" - null null (d509f86a)
2025-11-04T12:33:22.9305093+02:00 0HNGRHM9CL4N8:00000007 [INF] Request finished "HTTP/2" "GET" "https"://"localhost:7150""""/_framework/aspnetcore-browser-refresh.js""" - 200 13770 "application/javascript; charset=utf-8" 16.6815ms (74253ad3)
2025-11-04T12:33:22.9548482+02:00 0HNGRHM9CL4N8:00000009 [INF] Sending file. Request path: '"/swagger-ui.css"'. Physical path: '"N/A"' (27b0a520)
2025-11-04T12:33:22.9550697+02:00 0HNGRHM9CL4N8:00000009 [INF] Request finished "HTTP/2" "GET" "https"://"localhost:7150""""/swagger/swagger-ui.css""" - 499 152034 "text/css" 41.0873ms (74253ad3)
2025-11-04T12:33:23.0022063+02:00 0HNGRHM9CL4N8:0000000B [INF] Request finished "HTTP/2" "GET" "https"://"localhost:7150""""/_vs/browserLink""" - 200 null "text/javascript; charset=UTF-8" 86.3816ms (74253ad3)
2025-11-04T12:33:23.1081951+02:00 0HNGRHM9CL4N8:0000000D [INF] Request starting "HTTP/2" "GET" "https"://"localhost:7150""""/swagger/favicon-16x16.png""" - null null (d509f86a)
2025-11-04T12:33:23.1145015+02:00 0HNGRHM9CL4N8:0000000D [INF] Sending file. Request path: '"/favicon-16x16.png"'. Physical path: '"N/A"' (27b0a520)
2025-11-04T12:33:23.1150704+02:00 0HNGRHM9CL4N8:0000000D [INF] Request finished "HTTP/2" "GET" "https"://"localhost:7150""""/swagger/favicon-16x16.png""" - 499 665 "image/png" 7.5114ms (74253ad3)
2025-11-04T12:33:23.2628582+02:00 0HNGRHM9CL4N8:0000000F [INF] Request starting "HTTP/2" "GET" "https"://"localhost:7150""""/swagger/v1/swagger.json""" - null null (d509f86a)
2025-11-04T12:33:23.5230329+02:00 0HNGRHM9CL4N8:0000000F [INF] Request finished "HTTP/2" "GET" "https"://"localhost:7150""""/swagger/v1/swagger.json""" - 200 null "application/json;charset=utf-8" 260.9371ms (74253ad3)
2025-11-04T12:33:42.1182359+02:00 0HNGRHM9CL4N8:00000011 [INF] Request starting "HTTP/2" "GET" "https"://"localhost:7150""""/api/Admin/GetUser""" - null null (d509f86a)
2025-11-04T12:33:42.1260915+02:00 0HNGRHM9CL4N8:00000011 [INF] Executing endpoint '"E_Prescribing_API.Controllers.AdminController.GetUser (E_Prescribing_API)"' (500cc934)
2025-11-04T12:33:42.1620748+02:00 0HNGRHM9CL4N8:00000011 [INF] Route matched with "{action = \"GetUser\", controller = \"Admin\"}". Executing controller action with signature "System.Threading.Tasks.Task`1[Microsoft.AspNetCore.Mvc.IActionResult] GetUser()" on controller "E_Prescribing_API.Controllers.AdminController" ("E_Prescribing_API"). (122b2fdf)
2025-11-04T12:33:43.4768144+02:00 0HNGRHM9CL4N8:00000011 [INF] Executed DbCommand ("46"ms) [Parameters=[""], CommandType='Text', CommandTimeout='30']"
""SELECT [a].[Id], [a].[AccessFailedCount], [a].[ConcurrencyStamp], [a].[Email], [a].[EmailConfirmed], [a].[LockoutEnabled], [a].[LockoutEnd], [a].[NormalizedEmail], [a].[NormalizedUserName], [a].[PasswordHash], [a].[PhoneNumber], [a].[PhoneNumberConfirmed], [a].[SecurityStamp], [a].[TwoFactorEnabled], [a].[UserName]
FROM [AspNetUsers] AS [a]" (0723d8ff)
2025-11-04T12:33:43.6794935+02:00 0HNGRHM9CL4N8:00000011 [INF] Executed DbCommand ("27"ms) [Parameters=["@__userId_0='?' (DbType = Int32)"], CommandType='Text', CommandTimeout='30']"
""SELECT [a0].[Name]
FROM [AspNetUserRoles] AS [a]
INNER JOIN [AspNetRoles] AS [a0] ON [a].[RoleId] = [a0].[Id]
WHERE [a].[UserId] = @__userId_0" (0723d8ff)
2025-11-04T12:33:43.7020528+02:00 0HNGRHM9CL4N8:00000011 [INF] Executed DbCommand ("5"ms) [Parameters=["@__user_Id_0='?' (DbType = Int32)"], CommandType='Text', CommandTimeout='30']"
""SELECT TOP(1) [n].[NurseId], [n].[ContactNumber], [n].[EmailAddress], [n].[FullName], [n].[Name], [n].[RegistrationNumber], [n].[Surname], [n].[UserId]
FROM [Nurses] AS [n]
WHERE [n].[UserId] = @__user_Id_0" (0723d8ff)
2025-11-04T12:33:43.7160826+02:00 0HNGRHM9CL4N8:00000011 [INF] Executed DbCommand ("2"ms) [Parameters=["@__userId_0='?' (DbType = Int32)"], CommandType='Text', CommandTimeout='30']"
""SELECT [a0].[Name]
FROM [AspNetUserRoles] AS [a]
INNER JOIN [AspNetRoles] AS [a0] ON [a].[RoleId] = [a0].[Id]
WHERE [a].[UserId] = @__userId_0" (0723d8ff)
2025-11-04T12:33:43.7251761+02:00 0HNGRHM9CL4N8:00000011 [INF] Executed DbCommand ("2"ms) [Parameters=["@__user_Id_0='?' (DbType = Int32)"], CommandType='Text', CommandTimeout='30']"
""SELECT TOP(1) [n].[NurseId], [n].[ContactNumber], [n].[EmailAddress], [n].[FullName], [n].[Name], [n].[RegistrationNumber], [n].[Surname], [n].[UserId]
FROM [Nurses] AS [n]
WHERE [n].[UserId] = @__user_Id_0" (0723d8ff)
2025-11-04T12:33:43.7501946+02:00 0HNGRHM9CL4N8:00000011 [INF] Executed DbCommand ("1"ms) [Parameters=["@__userId_0='?' (DbType = Int32)"], CommandType='Text', CommandTimeout='30']"
""SELECT [a0].[Name]
FROM [AspNetUserRoles] AS [a]
INNER JOIN [AspNetRoles] AS [a0] ON [a].[RoleId] = [a0].[Id]
WHERE [a].[UserId] = @__userId_0" (0723d8ff)
2025-11-04T12:33:43.7530563+02:00 0HNGRHM9CL4N8:00000011 [INF] Executed DbCommand ("1"ms) [Parameters=["@__user_Id_0='?' (DbType = Int32)"], CommandType='Text', CommandTimeout='30']"
""SELECT TOP(1) [n].[NurseId], [n].[ContactNumber], [n].[EmailAddress], [n].[FullName], [n].[Name], [n].[RegistrationNumber], [n].[Surname], [n].[UserId]
FROM [Nurses] AS [n]
WHERE [n].[UserId] = @__user_Id_0" (0723d8ff)
2025-11-04T12:33:43.7570249+02:00 0HNGRHM9CL4N8:00000011 [INF] Executed DbCommand ("1"ms) [Parameters=["@__userId_0='?' (DbType = Int32)"], CommandType='Text', CommandTimeout='30']"
""SELECT [a0].[Name]
FROM [AspNetUserRoles] AS [a]
INNER JOIN [AspNetRoles] AS [a0] ON [a].[RoleId] = [a0].[Id]
WHERE [a].[UserId] = @__userId_0" (0723d8ff)
2025-11-04T12:33:43.7617108+02:00 0HNGRHM9CL4N8:00000011 [INF] Executed DbCommand ("1"ms) [Parameters=["@__user_Id_0='?' (DbType = Int32)"], CommandType='Text', CommandTimeout='30']"
""SELECT TOP(1) [n].[NurseId], [n].[ContactNumber], [n].[EmailAddress], [n].[FullName], [n].[Name], [n].[RegistrationNumber], [n].[Surname], [n].[UserId]
FROM [Nurses] AS [n]
WHERE [n].[UserId] = @__user_Id_0" (0723d8ff)
2025-11-04T12:33:43.7657184+02:00 0HNGRHM9CL4N8:00000011 [INF] Executed DbCommand ("1"ms) [Parameters=["@__userId_0='?' (DbType = Int32)"], CommandType='Text', CommandTimeout='30']"
""SELECT [a0].[Name]
FROM [AspNetUserRoles] AS [a]
INNER JOIN [AspNetRoles] AS [a0] ON [a].[RoleId] = [a0].[Id]
WHERE [a].[UserId] = @__userId_0" (0723d8ff)
2025-11-04T12:33:43.7691814+02:00 0HNGRHM9CL4N8:00000011 [INF] Executed DbCommand ("1"ms) [Parameters=["@__userId_0='?' (DbType = Int32)"], CommandType='Text', CommandTimeout='30']"
""SELECT [a0].[Name]
FROM [AspNetUserRoles] AS [a]
INNER JOIN [AspNetRoles] AS [a0] ON [a].[RoleId] = [a0].[Id]
WHERE [a].[UserId] = @__userId_0" (0723d8ff)
2025-11-04T12:33:43.7741277+02:00 0HNGRHM9CL4N8:00000011 [INF] Executed DbCommand ("1"ms) [Parameters=["@__user_Id_0='?' (DbType = Int32)"], CommandType='Text', CommandTimeout='30']"
""SELECT TOP(1) [n].[NurseId], [n].[ContactNumber], [n].[EmailAddress], [n].[FullName], [n].[Name], [n].[RegistrationNumber], [n].[Surname], [n].[UserId]
FROM [Nurses] AS [n]
WHERE [n].[UserId] = @__user_Id_0" (0723d8ff)
2025-11-04T12:33:43.7791810+02:00 0HNGRHM9CL4N8:00000011 [INF] Executing "OkObjectResult", writing value of type '"System.Collections.Generic.List`1[[System.Object, System.Private.CoreLib, Version=8.0.0.0, Culture=neutral, PublicKeyToken=7cec85d7bea7798e]]"'. (605b4265)
2025-11-04T12:33:43.7902694+02:00 0HNGRHM9CL4N8:00000011 [INF] Executed action "E_Prescribing_API.Controllers.AdminController.GetUser (E_Prescribing_API)" in 1624.8187ms (afa2e885)
2025-11-04T12:33:43.7907846+02:00 0HNGRHM9CL4N8:00000011 [INF] Executed endpoint '"E_Prescribing_API.Controllers.AdminController.GetUser (E_Prescribing_API)"' (99874f2b)
2025-11-04T12:33:43.7976794+02:00 0HNGRHM9CL4N8:00000011 [INF] Request finished "HTTP/2" "GET" "https"://"localhost:7150""""/api/Admin/GetUser""" - 200 null "application/json; charset=utf-8" 1680.2196ms (74253ad3)
2025-11-04T12:38:46.1325260+02:00  [INF] User profile is available. Using '"C:\Users\ThatoTs\AppData\Local\ASP.NET\DataProtection-Keys"' as key repository and Windows DPAPI to encrypt keys at rest. (7ac5e29c)
2025-11-04T12:38:46.5742721+02:00  [INF] Now listening on: "https://localhost:7150" (d826f4b8)
2025-11-04T12:38:46.5770435+02:00  [INF] Now listening on: "http://localhost:5031" (d826f4b8)
2025-11-04T12:38:46.6461770+02:00  [INF] Application started. Press Ctrl+C to shut down. (dcaefe54)
2025-11-04T12:38:46.6490915+02:00  [INF] Hosting environment: "Development" (bc5a1a4e)
2025-11-04T12:38:46.6512986+02:00  [INF] Content root path: "D:\HomeSpace\E_Prescribing_API\E_Prescribing_API" (cc26f24e)
2025-11-04T12:38:49.7344741+02:00 0HNGRHPAR7949:00000003 [INF] Request starting "HTTP/2" "GET" "https"://"localhost:7150""""/swagger""" - null null (d509f86a)
2025-11-04T12:38:50.1446621+02:00 0HNGRHPAR7949:00000003 [INF] Request finished "HTTP/2" "GET" "https"://"localhost:7150""""/swagger""" - 301 0 null 425.157ms (74253ad3)
2025-11-04T12:38:50.2254538+02:00 0HNGRHPAR7949:00000005 [INF] Request starting "HTTP/2" "GET" "https"://"localhost:7150""""/swagger/index.html""" - null null (d509f86a)
2025-11-04T12:38:50.3790674+02:00 0HNGRHPAR7949:00000005 [INF] Request finished "HTTP/2" "GET" "https"://"localhost:7150""""/swagger/index.html""" - 200 null "text/html;charset=utf-8" 154.45ms (74253ad3)
2025-11-04T12:38:50.4314654+02:00 0HNGRHPAR7949:00000007 [INF] Request starting "HTTP/2" "GET" "https"://"localhost:7150""""/_framework/aspnetcore-browser-refresh.js""" - null null (d509f86a)
2025-11-04T12:38:50.4413370+02:00 0HNGRHPAR7949:00000009 [INF] Request starting "HTTP/2" "GET" "https"://"localhost:7150""""/swagger/swagger-ui.css""" - null null (d509f86a)
2025-11-04T12:38:50.4462417+02:00 0HNGRHPAR7949:0000000B [INF] Request starting "HTTP/2" "GET" "https"://"localhost:7150""""/_vs/browserLink""" - null null (d509f86a)
2025-11-04T12:38:50.4463745+02:00 0HNGRHPAR7949:00000007 [INF] Request finished "HTTP/2" "GET" "https"://"localhost:7150""""/_framework/aspnetcore-browser-refresh.js""" - 200 13770 "application/javascript; charset=utf-8" 15.5251ms (74253ad3)
2025-11-04T12:38:50.4780129+02:00 0HNGRHPAR7949:00000009 [INF] Sending file. Request path: '"/swagger-ui.css"'. Physical path: '"N/A"' (27b0a520)
2025-11-04T12:38:50.4782809+02:00 0HNGRHPAR7949:00000009 [INF] Request finished "HTTP/2" "GET" "https"://"localhost:7150""""/swagger/swagger-ui.css""" - 499 152034 "text/css" 37.1974ms (74253ad3)
2025-11-04T12:38:50.5476116+02:00 0HNGRHPAR7949:0000000B [INF] Request finished "HTTP/2" "GET" "https"://"localhost:7150""""/_vs/browserLink""" - 200 null "text/javascript; charset=UTF-8" 101.4567ms (74253ad3)
2025-11-04T12:38:50.7799276+02:00 0HNGRHPAR7949:0000000D [INF] Request starting "HTTP/2" "GET" "https"://"localhost:7150""""/swagger/favicon-16x16.png""" - null null (d509f86a)
2025-11-04T12:38:50.7823190+02:00 0HNGRHPAR7949:0000000D [INF] Sending file. Request path: '"/favicon-16x16.png"'. Physical path: '"N/A"' (27b0a520)
2025-11-04T12:38:50.7824736+02:00 0HNGRHPAR7949:0000000D [INF] Request finished "HTTP/2" "GET" "https"://"localhost:7150""""/swagger/favicon-16x16.png""" - 499 665 "image/png" 3.1545ms (74253ad3)
2025-11-04T12:38:50.8117559+02:00 0HNGRHPAR7949:0000000F [INF] Request starting "HTTP/2" "GET" "https"://"localhost:7150""""/swagger/v1/swagger.json""" - null null (d509f86a)
2025-11-04T12:38:51.0287494+02:00 0HNGRHPAR7949:0000000F [INF] Request finished "HTTP/2" "GET" "https"://"localhost:7150""""/swagger/v1/swagger.json""" - 200 null "application/json;charset=utf-8" 217.4731ms (74253ad3)
2025-11-04T12:39:16.3170238+02:00 0HNGRHPAR7949:00000011 [INF] Request starting "HTTP/2" "GET" "https"://"localhost:7150""""/api/Admin/GetUser""" - null null (d509f86a)
2025-11-04T12:39:16.3250198+02:00 0HNGRHPAR7949:00000011 [INF] Executing endpoint '"E_Prescribing_API.Controllers.AdminController.GetUser (E_Prescribing_API)"' (500cc934)
2025-11-04T12:39:16.3544923+02:00 0HNGRHPAR7949:00000011 [INF] Route matched with "{action = \"GetUser\", controller = \"Admin\"}". Executing controller action with signature "System.Threading.Tasks.Task`1[Microsoft.AspNetCore.Mvc.IActionResult] GetUser()" on controller "E_Prescribing_API.Controllers.AdminController" ("E_Prescribing_API"). (122b2fdf)
2025-11-04T12:39:18.3585628+02:00 0HNGRHPAR7949:00000011 [INF] Executed DbCommand ("75"ms) [Parameters=[""], CommandType='Text', CommandTimeout='30']"
""SELECT [a].[Id], [a].[AccessFailedCount], [a].[ConcurrencyStamp], [a].[Email], [a].[EmailConfirmed], [a].[LockoutEnabled], [a].[LockoutEnd], [a].[NormalizedEmail], [a].[NormalizedUserName], [a].[PasswordHash], [a].[PhoneNumber], [a].[PhoneNumberConfirmed], [a].[SecurityStamp], [a].[TwoFactorEnabled], [a].[UserName]
FROM [AspNetUsers] AS [a]" (0723d8ff)
2025-11-04T12:39:18.7400474+02:00 0HNGRHPAR7949:00000011 [INF] Executed DbCommand ("42"ms) [Parameters=["@__userId_0='?' (DbType = Int32)"], CommandType='Text', CommandTimeout='30']"
""SELECT [a0].[Name]
FROM [AspNetUserRoles] AS [a]
INNER JOIN [AspNetRoles] AS [a0] ON [a].[RoleId] = [a0].[Id]
WHERE [a].[UserId] = @__userId_0" (0723d8ff)
2025-11-04T12:39:18.7700699+02:00 0HNGRHPAR7949:00000011 [INF] Executed DbCommand ("3"ms) [Parameters=["@__user_Id_0='?' (DbType = Int32)"], CommandType='Text', CommandTimeout='30']"
""SELECT TOP(1) [n].[NurseId], [n].[ContactNumber], [n].[EmailAddress], [n].[FullName], [n].[Name], [n].[RegistrationNumber], [n].[Surname], [n].[UserId]
FROM [Nurses] AS [n]
WHERE [n].[UserId] = @__user_Id_0" (0723d8ff)
2025-11-04T12:39:18.7811664+02:00 0HNGRHPAR7949:00000011 [INF] Executed DbCommand ("1"ms) [Parameters=["@__userId_0='?' (DbType = Int32)"], CommandType='Text', CommandTimeout='30']"
""SELECT [a0].[Name]
FROM [AspNetUserRoles] AS [a]
INNER JOIN [AspNetRoles] AS [a0] ON [a].[RoleId] = [a0].[Id]
WHERE [a].[UserId] = @__userId_0" (0723d8ff)
2025-11-04T12:39:18.7873666+02:00 0HNGRHPAR7949:00000011 [INF] Executed DbCommand ("1"ms) [Parameters=["@__user_Id_0='?' (DbType = Int32)"], CommandType='Text', CommandTimeout='30']"
""SELECT TOP(1) [n].[NurseId], [n].[ContactNumber], [n].[EmailAddress], [n].[FullName], [n].[Name], [n].[RegistrationNumber], [n].[Surname], [n].[UserId]
FROM [Nurses] AS [n]
WHERE [n].[UserId] = @__user_Id_0" (0723d8ff)
2025-11-04T12:39:18.8338168+02:00 0HNGRHPAR7949:00000011 [INF] Executed DbCommand ("2"ms) [Parameters=["@__userId_0='?' (DbType = Int32)"], CommandType='Text', CommandTimeout='30']"
""SELECT [a0].[Name]
FROM [AspNetUserRoles] AS [a]
INNER JOIN [AspNetRoles] AS [a0] ON [a].[RoleId] = [a0].[Id]
WHERE [a].[UserId] = @__userId_0" (0723d8ff)
2025-11-04T12:39:18.8381830+02:00 0HNGRHPAR7949:00000011 [INF] Executed DbCommand ("1"ms) [Parameters=["@__user_Id_0='?' (DbType = Int32)"], CommandType='Text', CommandTimeout='30']"
""SELECT TOP(1) [n].[NurseId], [n].[ContactNumber], [n].[EmailAddress], [n].[FullName], [n].[Name], [n].[RegistrationNumber], [n].[Surname], [n].[UserId]
FROM [Nurses] AS [n]
WHERE [n].[UserId] = @__user_Id_0" (0723d8ff)
2025-11-04T12:39:18.8438153+02:00 0HNGRHPAR7949:00000011 [INF] Executed DbCommand ("2"ms) [Parameters=["@__userId_0='?' (DbType = Int32)"], CommandType='Text', CommandTimeout='30']"
""SELECT [a0].[Name]
FROM [AspNetUserRoles] AS [a]
INNER JOIN [AspNetRoles] AS [a0] ON [a].[RoleId] = [a0].[Id]
WHERE [a].[UserId] = @__userId_0" (0723d8ff)
2025-11-04T12:39:18.8489248+02:00 0HNGRHPAR7949:00000011 [INF] Executed DbCommand ("1"ms) [Parameters=["@__user_Id_0='?' (DbType = Int32)"], CommandType='Text', CommandTimeout='30']"
""SELECT TOP(1) [n].[NurseId], [n].[ContactNumber], [n].[EmailAddress], [n].[FullName], [n].[Name], [n].[RegistrationNumber], [n].[Surname], [n].[UserId]
FROM [Nurses] AS [n]
WHERE [n].[UserId] = @__user_Id_0" (0723d8ff)
2025-11-04T12:39:18.8565682+02:00 0HNGRHPAR7949:00000011 [INF] Executed DbCommand ("2"ms) [Parameters=["@__userId_0='?' (DbType = Int32)"], CommandType='Text', CommandTimeout='30']"
""SELECT [a0].[Name]
FROM [AspNetUserRoles] AS [a]
INNER JOIN [AspNetRoles] AS [a0] ON [a].[RoleId] = [a0].[Id]
WHERE [a].[UserId] = @__userId_0" (0723d8ff)
2025-11-04T12:39:18.8632800+02:00 0HNGRHPAR7949:00000011 [INF] Executed DbCommand ("2"ms) [Parameters=["@__userId_0='?' (DbType = Int32)"], CommandType='Text', CommandTimeout='30']"
""SELECT [a0].[Name]
FROM [AspNetUserRoles] AS [a]
INNER JOIN [AspNetRoles] AS [a0] ON [a].[RoleId] = [a0].[Id]
WHERE [a].[UserId] = @__userId_0" (0723d8ff)
2025-11-04T12:39:18.8691115+02:00 0HNGRHPAR7949:00000011 [INF] Executed DbCommand ("2"ms) [Parameters=["@__user_Id_0='?' (DbType = Int32)"], CommandType='Text', CommandTimeout='30']"
""SELECT TOP(1) [n].[NurseId], [n].[ContactNumber], [n].[EmailAddress], [n].[FullName], [n].[Name], [n].[RegistrationNumber], [n].[Surname], [n].[UserId]
FROM [Nurses] AS [n]
WHERE [n].[UserId] = @__user_Id_0" (0723d8ff)
2025-11-04T12:39:18.8773923+02:00 0HNGRHPAR7949:00000011 [INF] Executing "OkObjectResult", writing value of type '"System.Collections.Generic.List`1[[System.Object, System.Private.CoreLib, Version=8.0.0.0, Culture=neutral, PublicKeyToken=7cec85d7bea7798e]]"'. (605b4265)
2025-11-04T12:39:18.8928355+02:00 0HNGRHPAR7949:00000011 [INF] Executed action "E_Prescribing_API.Controllers.AdminController.GetUser (E_Prescribing_API)" in 2532.7533ms (afa2e885)
2025-11-04T12:39:18.8938075+02:00 0HNGRHPAR7949:00000011 [INF] Executed endpoint '"E_Prescribing_API.Controllers.AdminController.GetUser (E_Prescribing_API)"' (99874f2b)
2025-11-04T12:39:18.9041689+02:00 0HNGRHPAR7949:00000011 [INF] Request finished "HTTP/2" "GET" "https"://"localhost:7150""""/api/Admin/GetUser""" - 200 null "application/json; charset=utf-8" 2587.1807ms (74253ad3)
2025-11-04T12:42:32.0159623+02:00  [INF] User profile is available. Using '"C:\Users\ThatoTs\AppData\Local\ASP.NET\DataProtection-Keys"' as key repository and Windows DPAPI to encrypt keys at rest. (7ac5e29c)
2025-11-04T12:42:32.4746780+02:00  [INF] Now listening on: "https://localhost:7150" (d826f4b8)
2025-11-04T12:42:32.4764899+02:00  [INF] Now listening on: "http://localhost:5031" (d826f4b8)
2025-11-04T12:42:32.5423669+02:00  [INF] Application started. Press Ctrl+C to shut down. (dcaefe54)
2025-11-04T12:42:32.5446956+02:00  [INF] Hosting environment: "Development" (bc5a1a4e)
2025-11-04T12:42:32.5466029+02:00  [INF] Content root path: "D:\HomeSpace\E_Prescribing_API\E_Prescribing_API" (cc26f24e)
2025-11-04T12:42:33.8003476+02:00 0HNGRHRE12OM2:00000003 [INF] Request starting "HTTP/2" "GET" "https"://"localhost:7150""""/swagger""" - null null (d509f86a)
2025-11-04T12:42:34.0396414+02:00 0HNGRHRE12OM2:00000003 [INF] Request finished "HTTP/2" "GET" "https"://"localhost:7150""""/swagger""" - 301 0 null 251.9012ms (74253ad3)
2025-11-04T12:42:34.0552196+02:00 0HNGRHRE12OM2:00000005 [INF] Request starting "HTTP/2" "GET" "https"://"localhost:7150""""/swagger/index.html""" - null null (d509f86a)
2025-11-04T12:42:34.2289703+02:00 0HNGRHRE12OM2:00000005 [INF] Request finished "HTTP/2" "GET" "https"://"localhost:7150""""/swagger/index.html""" - 200 null "text/html;charset=utf-8" 173.9403ms (74253ad3)
2025-11-04T12:42:34.3031062+02:00 0HNGRHRE12OM2:00000007 [INF] Request starting "HTTP/2" "GET" "https"://"localhost:7150""""/_framework/aspnetcore-browser-refresh.js""" - null null (d509f86a)
2025-11-04T12:42:34.3129110+02:00 0HNGRHRE12OM2:00000007 [INF] Request finished "HTTP/2" "GET" "https"://"localhost:7150""""/_framework/aspnetcore-browser-refresh.js""" - 200 13770 "application/javascript; charset=utf-8" 10.3087ms (74253ad3)
2025-11-04T12:42:34.3138865+02:00 0HNGRHRE12OM2:00000009 [INF] Request starting "HTTP/2" "GET" "https"://"localhost:7150""""/swagger/swagger-ui.css""" - null null (d509f86a)
2025-11-04T12:42:34.3156237+02:00 0HNGRHRE12OM2:0000000B [INF] Request starting "HTTP/2" "GET" "https"://"localhost:7150""""/_vs/browserLink""" - null null (d509f86a)
2025-11-04T12:42:34.3609728+02:00 0HNGRHRE12OM2:00000009 [INF] Sending file. Request path: '"/swagger-ui.css"'. Physical path: '"N/A"' (27b0a520)
2025-11-04T12:42:34.3612799+02:00 0HNGRHRE12OM2:00000009 [INF] Request finished "HTTP/2" "GET" "https"://"localhost:7150""""/swagger/swagger-ui.css""" - 499 152034 "text/css" 47.6926ms (74253ad3)
2025-11-04T12:42:34.4630541+02:00 0HNGRHRE12OM2:0000000B [INF] Request finished "HTTP/2" "GET" "https"://"localhost:7150""""/_vs/browserLink""" - 200 null "text/javascript; charset=UTF-8" 147.6211ms (74253ad3)
2025-11-04T12:42:34.6637597+02:00 0HNGRHRE12OM2:0000000D [INF] Request starting "HTTP/2" "GET" "https"://"localhost:7150""""/swagger/favicon-16x16.png""" - null null (d509f86a)
2025-11-04T12:42:34.6664947+02:00 0HNGRHRE12OM2:0000000D [INF] Sending file. Request path: '"/favicon-16x16.png"'. Physical path: '"N/A"' (27b0a520)
2025-11-04T12:42:34.6668964+02:00 0HNGRHRE12OM2:0000000D [INF] Request finished "HTTP/2" "GET" "https"://"localhost:7150""""/swagger/favicon-16x16.png""" - 499 665 "image/png" 3.5928ms (74253ad3)
2025-11-04T12:42:34.7645343+02:00 0HNGRHRE12OM2:0000000F [INF] Request starting "HTTP/2" "GET" "https"://"localhost:7150""""/swagger/v1/swagger.json""" - null null (d509f86a)
2025-11-04T12:42:35.0012635+02:00 0HNGRHRE12OM2:0000000F [INF] Request finished "HTTP/2" "GET" "https"://"localhost:7150""""/swagger/v1/swagger.json""" - 200 null "application/json;charset=utf-8" 238.4842ms (74253ad3)
2025-11-04T12:44:22.8355196+02:00 0HNGRHRE12OM2:00000011 [INF] Request starting "HTTP/2" "POST" "https"://"localhost:7150""""/api/Admin/RegisterUser""" - "application/json" 3482 (d509f86a)
2025-11-04T12:44:22.8578696+02:00 0HNGRHRE12OM2:00000011 [INF] Executing endpoint '"E_Prescribing_API.Controllers.AdminController.RegisterUser (E_Prescribing_API)"' (500cc934)
2025-11-04T12:44:22.8840526+02:00 0HNGRHRE12OM2:00000011 [INF] Route matched with "{action = \"RegisterUser\", controller = \"Admin\"}". Executing controller action with signature "System.Threading.Tasks.Task`1[Microsoft.AspNetCore.Mvc.IActionResult] RegisterUser(E_Prescribing_API.CollectionModel.UserCollection)" on controller "E_Prescribing_API.Controllers.AdminController" ("E_Prescribing_API"). (122b2fdf)
2025-11-04T12:44:25.0393747+02:00 0HNGRHRE12OM2:00000011 [INF] Executed DbCommand ("74"ms) [Parameters=["@__normalizedEmail_0='?' (Size = 256)"], CommandType='Text', CommandTimeout='30']"
""SELECT TOP(2) [a].[Id], [a].[AccessFailedCount], [a].[ConcurrencyStamp], [a].[Email], [a].[EmailConfirmed], [a].[LockoutEnabled], [a].[LockoutEnd], [a].[NormalizedEmail], [a].[NormalizedUserName], [a].[PasswordHash], [a].[PhoneNumber], [a].[PhoneNumberConfirmed], [a].[SecurityStamp], [a].[TwoFactorEnabled], [a].[UserName]
FROM [AspNetUsers] AS [a]
WHERE [a].[NormalizedEmail] = @__normalizedEmail_0" (0723d8ff)
2025-11-04T12:44:25.1892400+02:00 0HNGRHRE12OM2:00000011 [INF] Executed DbCommand ("6"ms) [Parameters=["@__normalizedUserName_0='?' (Size = 256)"], CommandType='Text', CommandTimeout='30']"
""SELECT TOP(1) [a].[Id], [a].[AccessFailedCount], [a].[ConcurrencyStamp], [a].[Email], [a].[EmailConfirmed], [a].[LockoutEnabled], [a].[LockoutEnd], [a].[NormalizedEmail], [a].[NormalizedUserName], [a].[PasswordHash], [a].[PhoneNumber], [a].[PhoneNumberConfirmed], [a].[SecurityStamp], [a].[TwoFactorEnabled], [a].[UserName]
FROM [AspNetUsers] AS [a]
WHERE [a].[NormalizedUserName] = @__normalizedUserName_0" (0723d8ff)
2025-11-04T12:44:25.3822845+02:00 0HNGRHRE12OM2:00000011 [INF] Executed DbCommand ("9"ms) [Parameters=["@p0='?' (DbType = Int32), @p1='?' (Size = 4000), @p2='?' (Size = 256), @p3='?' (DbType = Boolean), @p4='?' (DbType = Boolean), @p5='?' (DbType = DateTimeOffset), @p6='?' (Size = 256), @p7='?' (Size = 256), @p8='?' (Size = 4000), @p9='?' (Size = 4000), @p10='?' (DbType = Boolean), @p11='?' (Size = 4000), @p12='?' (DbType = Boolean), @p13='?' (Size = 256)"], CommandType='Text', CommandTimeout='30']"
""SET IMPLICIT_TRANSACTIONS OFF;
SET NOCOUNT ON;
INSERT INTO [AspNetUsers] ([AccessFailedCount], [ConcurrencyStamp], [Email], [EmailConfirmed], [LockoutEnabled], [LockoutEnd], [NormalizedEmail], [NormalizedUserName], [PasswordHash], [PhoneNumber], [PhoneNumberConfirmed], [SecurityStamp], [TwoFactorEnabled], [UserName])
OUTPUT INSERTED.[Id]
VALUES (@p0, @p1, @p2, @p3, @p4, @p5, @p6, @p7, @p8, @p9, @p10, @p11, @p12, @p13);" (0723d8ff)
2025-11-04T12:44:25.4282513+02:00 0HNGRHRE12OM2:00000011 [INF] Executed DbCommand ("5"ms) [Parameters=["@__normalizedRoleName_0='?' (Size = 256)"], CommandType='Text', CommandTimeout='30']"
""SELECT TOP(2) [a].[Id], [a].[ConcurrencyStamp], [a].[Name], [a].[NormalizedName]
FROM [AspNetRoles] AS [a]
WHERE [a].[NormalizedName] = @__normalizedRoleName_0" (0723d8ff)
2025-11-04T12:44:25.5101436+02:00 0HNGRHRE12OM2:00000011 [INF] Executed DbCommand ("6"ms) [Parameters=["@__p_0='?' (DbType = Int32), @__p_1='?' (DbType = Int32)"], CommandType='Text', CommandTimeout='30']"
""SELECT TOP(1) [a].[UserId], [a].[RoleId]
FROM [AspNetUserRoles] AS [a]
WHERE [a].[UserId] = @__p_0 AND [a].[RoleId] = @__p_1" (0723d8ff)
2025-11-04T12:44:25.5204347+02:00 0HNGRHRE12OM2:00000011 [INF] Executed DbCommand ("1"ms) [Parameters=["@__normalizedRoleName_0='?' (Size = 256)"], CommandType='Text', CommandTimeout='30']"
""SELECT TOP(2) [a].[Id], [a].[ConcurrencyStamp], [a].[Name], [a].[NormalizedName]
FROM [AspNetRoles] AS [a]
WHERE [a].[NormalizedName] = @__normalizedRoleName_0" (0723d8ff)
2025-11-04T12:44:25.5381847+02:00 0HNGRHRE12OM2:00000011 [INF] Executed DbCommand ("1"ms) [Parameters=["@__normalizedUserName_0='?' (Size = 256)"], CommandType='Text', CommandTimeout='30']"
""SELECT TOP(1) [a].[Id], [a].[AccessFailedCount], [a].[ConcurrencyStamp], [a].[Email], [a].[EmailConfirmed], [a].[LockoutEnabled], [a].[LockoutEnd], [a].[NormalizedEmail], [a].[NormalizedUserName], [a].[PasswordHash], [a].[PhoneNumber], [a].[PhoneNumberConfirmed], [a].[SecurityStamp], [a].[TwoFactorEnabled], [a].[UserName]
FROM [AspNetUsers] AS [a]
WHERE [a].[NormalizedUserName] = @__normalizedUserName_0" (0723d8ff)
2025-11-04T12:44:25.5926194+02:00 0HNGRHRE12OM2:00000011 [INF] Executed DbCommand ("14"ms) [Parameters=["@p0='?' (DbType = Int32), @p1='?' (DbType = Int32), @p16='?' (DbType = Int32), @p2='?' (DbType = Int32), @p3='?' (Size = 4000), @p17='?' (Size = 4000), @p4='?' (Size = 256), @p5='?' (DbType = Boolean), @p6='?' (DbType = Boolean), @p7='?' (DbType = DateTimeOffset), @p8='?' (Size = 256), @p9='?' (Size = 256), @p10='?' (Size = 4000), @p11='?' (Size = 4000), @p12='?' (DbType = Boolean), @p13='?' (Size = 4000), @p14='?' (DbType = Boolean), @p15='?' (Size = 256)"], CommandType='Text', CommandTimeout='30']"
""SET NOCOUNT ON;
INSERT INTO [AspNetUserRoles] ([RoleId], [UserId])
VALUES (@p0, @p1);
UPDATE [AspNetUsers] SET [AccessFailedCount] = @p2, [ConcurrencyStamp] = @p3, [Email] = @p4, [EmailConfirmed] = @p5, [LockoutEnabled] = @p6, [LockoutEnd] = @p7, [NormalizedEmail] = @p8, [NormalizedUserName] = @p9, [PasswordHash] = @p10, [PhoneNumber] = @p11, [PhoneNumberConfirmed] = @p12, [SecurityStamp] = @p13, [TwoFactorEnabled] = @p14, [UserName] = @p15
OUTPUT 1
WHERE [Id] = @p16 AND [ConcurrencyStamp] = @p17;" (0723d8ff)
2025-11-04T12:44:25.6396371+02:00 0HNGRHRE12OM2:00000011 [INF] Executed DbCommand ("10"ms) [Parameters=["@p0='?' (Size = 4000), @p1='?' (Size = 4000), @p2='?' (Size = 4000), @p3='?' (Size = 4000), @p4='?' (Size = 4000), @p5='?' (Size = 4000), @p6='?' (DbType = Int32)"], CommandType='Text', CommandTimeout='30']"
""SET IMPLICIT_TRANSACTIONS OFF;
SET NOCOUNT ON;
INSERT INTO [Pharmacists] ([ContactNumber], [EmailAddress], [FullName], [Name], [RegistrationNumber], [Surname], [UserId])
OUTPUT INSERTED.[PharmacistId]
VALUES (@p0, @p1, @p2, @p3, @p4, @p5, @p6);" (0723d8ff)
2025-11-04T12:44:29.5673443+02:00 0HNGRHRE12OM2:00000011 [ERR] Failed to send email to "pharm@gmail.com" (e0df8605)
System.ArgumentNullException: Value cannot be null. (Parameter 'logger')
   at System.ThrowHelper.Throw(String paramName)
   at Microsoft.Extensions.Logging.LoggerExtensions.Log(ILogger logger, LogLevel logLevel, EventId eventId, Exception exception, String message, Object[] args)
   at Microsoft.Extensions.Logging.LoggerExtensions.LogError(ILogger logger, Exception exception, String message, Object[] args)
   at E_Prescribing_API.Data.Services.EmailSender.SendEmailAsync(String email, String subject, String htmlMessage) in D:\HomeSpace\E_Prescribing_API\E_Prescribing_API\Data\Services\EmailSender.cs:line 52
   at E_Prescribing_API.Controllers.AdminController.RegisterUser(UserCollection model) in D:\HomeSpace\E_Prescribing_API\E_Prescribing_API\Controllers\AdminController.cs:line 127
2025-11-04T12:44:29.5811085+02:00 0HNGRHRE12OM2:00000011 [INF] Executing "OkObjectResult", writing value of type '"<>f__AnonymousType3`4[[System.String, System.Private.CoreLib, Version=8.0.0.0, Culture=neutral, PublicKeyToken=7cec85d7bea7798e],[System.String, System.Private.CoreLib, Version=8.0.0.0, Culture=neutral, PublicKeyToken=7cec85d7bea7798e],[System.String, System.Private.CoreLib, Version=8.0.0.0, Culture=neutral, PublicKeyToken=7cec85d7bea7798e],[System.String, System.Private.CoreLib, Version=8.0.0.0, Culture=neutral, PublicKeyToken=7cec85d7bea7798e]]"'. (605b4265)
2025-11-04T12:44:29.5938078+02:00 0HNGRHRE12OM2:00000011 [INF] Executed action "E_Prescribing_API.Controllers.AdminController.RegisterUser (E_Prescribing_API)" in 6702.591ms (afa2e885)
2025-11-04T12:44:29.5944366+02:00 0HNGRHRE12OM2:00000011 [INF] Executed endpoint '"E_Prescribing_API.Controllers.AdminController.RegisterUser (E_Prescribing_API)"' (99874f2b)
2025-11-04T12:44:29.6071335+02:00 0HNGRHRE12OM2:00000011 [INF] Request finished "HTTP/2" "POST" "https"://"localhost:7150""""/api/Admin/RegisterUser""" - 200 null "application/json; charset=utf-8" 6771.6668ms (74253ad3)
2025-11-04T12:45:48.5248428+02:00 0HNGRHRE12OM2:00000013 [INF] Request starting "HTTP/2" "GET" "https"://"localhost:7150""""/api/Admin/GetUser""" - null null (d509f86a)
2025-11-04T12:45:48.5269995+02:00 0HNGRHRE12OM2:00000013 [INF] Executing endpoint '"E_Prescribing_API.Controllers.AdminController.GetUser (E_Prescribing_API)"' (500cc934)
2025-11-04T12:45:48.5327565+02:00 0HNGRHRE12OM2:00000013 [INF] Route matched with "{action = \"GetUser\", controller = \"Admin\"}". Executing controller action with signature "System.Threading.Tasks.Task`1[Microsoft.AspNetCore.Mvc.IActionResult] GetUser()" on controller "E_Prescribing_API.Controllers.AdminController" ("E_Prescribing_API"). (122b2fdf)
2025-11-04T12:45:48.6404696+02:00 0HNGRHRE12OM2:00000013 [INF] Executed DbCommand ("3"ms) [Parameters=[""], CommandType='Text', CommandTimeout='30']"
""SELECT [a].[Id], [a].[AccessFailedCount], [a].[ConcurrencyStamp], [a].[Email], [a].[EmailConfirmed], [a].[LockoutEnabled], [a].[LockoutEnd], [a].[NormalizedEmail], [a].[NormalizedUserName], [a].[PasswordHash], [a].[PhoneNumber], [a].[PhoneNumberConfirmed], [a].[SecurityStamp], [a].[TwoFactorEnabled], [a].[UserName]
FROM [AspNetUsers] AS [a]" (0723d8ff)
2025-11-04T12:45:48.6923498+02:00 0HNGRHRE12OM2:00000013 [INF] Executed DbCommand ("5"ms) [Parameters=["@__userId_0='?' (DbType = Int32)"], CommandType='Text', CommandTimeout='30']"
""SELECT [a0].[Name]
FROM [AspNetUserRoles] AS [a]
INNER JOIN [AspNetRoles] AS [a0] ON [a].[RoleId] = [a0].[Id]
WHERE [a].[UserId] = @__userId_0" (0723d8ff)
2025-11-04T12:45:48.7090593+02:00 0HNGRHRE12OM2:00000013 [INF] Executed DbCommand ("6"ms) [Parameters=["@__user_Id_0='?' (DbType = Int32)"], CommandType='Text', CommandTimeout='30']"
""SELECT TOP(1) [n].[NurseId], [n].[ContactNumber], [n].[EmailAddress], [n].[FullName], [n].[Name], [n].[RegistrationNumber], [n].[Surname], [n].[UserId]
FROM [Nurses] AS [n]
WHERE [n].[UserId] = @__user_Id_0" (0723d8ff)
2025-11-04T12:45:48.7137343+02:00 0HNGRHRE12OM2:00000013 [INF] Executed DbCommand ("1"ms) [Parameters=["@__userId_0='?' (DbType = Int32)"], CommandType='Text', CommandTimeout='30']"
""SELECT [a0].[Name]
FROM [AspNetUserRoles] AS [a]
INNER JOIN [AspNetRoles] AS [a0] ON [a].[RoleId] = [a0].[Id]
WHERE [a].[UserId] = @__userId_0" (0723d8ff)
2025-11-04T12:45:48.7201848+02:00 0HNGRHRE12OM2:00000013 [INF] Executed DbCommand ("2"ms) [Parameters=["@__user_Id_0='?' (DbType = Int32)"], CommandType='Text', CommandTimeout='30']"
""SELECT TOP(1) [n].[NurseId], [n].[ContactNumber], [n].[EmailAddress], [n].[FullName], [n].[Name], [n].[RegistrationNumber], [n].[Surname], [n].[UserId]
FROM [Nurses] AS [n]
WHERE [n].[UserId] = @__user_Id_0" (0723d8ff)
2025-11-04T12:45:48.7377385+02:00 0HNGRHRE12OM2:00000013 [INF] Executed DbCommand ("2"ms) [Parameters=["@__userId_0='?' (DbType = Int32)"], CommandType='Text', CommandTimeout='30']"
""SELECT [a0].[Name]
FROM [AspNetUserRoles] AS [a]
INNER JOIN [AspNetRoles] AS [a0] ON [a].[RoleId] = [a0].[Id]
WHERE [a].[UserId] = @__userId_0" (0723d8ff)
2025-11-04T12:45:48.7476749+02:00 0HNGRHRE12OM2:00000013 [INF] Executed DbCommand ("4"ms) [Parameters=["@__user_Id_0='?' (DbType = Int32)"], CommandType='Text', CommandTimeout='30']"
""SELECT TOP(1) [n].[NurseId], [n].[ContactNumber], [n].[EmailAddress], [n].[FullName], [n].[Name], [n].[RegistrationNumber], [n].[Surname], [n].[UserId]
FROM [Nurses] AS [n]
WHERE [n].[UserId] = @__user_Id_0" (0723d8ff)
2025-11-04T12:45:48.7523467+02:00 0HNGRHRE12OM2:00000013 [INF] Executed DbCommand ("1"ms) [Parameters=["@__userId_0='?' (DbType = Int32)"], CommandType='Text', CommandTimeout='30']"
""SELECT [a0].[Name]
FROM [AspNetUserRoles] AS [a]
INNER JOIN [AspNetRoles] AS [a0] ON [a].[RoleId] = [a0].[Id]
WHERE [a].[UserId] = @__userId_0" (0723d8ff)
2025-11-04T12:45:48.7584671+02:00 0HNGRHRE12OM2:00000013 [INF] Executed DbCommand ("2"ms) [Parameters=["@__user_Id_0='?' (DbType = Int32)"], CommandType='Text', CommandTimeout='30']"
""SELECT TOP(1) [n].[NurseId], [n].[ContactNumber], [n].[EmailAddress], [n].[FullName], [n].[Name], [n].[RegistrationNumber], [n].[Surname], [n].[UserId]
FROM [Nurses] AS [n]
WHERE [n].[UserId] = @__user_Id_0" (0723d8ff)
2025-11-04T12:45:48.7629614+02:00 0HNGRHRE12OM2:00000013 [INF] Executed DbCommand ("1"ms) [Parameters=["@__userId_0='?' (DbType = Int32)"], CommandType='Text', CommandTimeout='30']"
""SELECT [a0].[Name]
FROM [AspNetUserRoles] AS [a]
INNER JOIN [AspNetRoles] AS [a0] ON [a].[RoleId] = [a0].[Id]
WHERE [a].[UserId] = @__userId_0" (0723d8ff)
2025-11-04T12:45:48.7679366+02:00 0HNGRHRE12OM2:00000013 [INF] Executed DbCommand ("1"ms) [Parameters=["@__userId_0='?' (DbType = Int32)"], CommandType='Text', CommandTimeout='30']"
""SELECT [a0].[Name]
FROM [AspNetUserRoles] AS [a]
INNER JOIN [AspNetRoles] AS [a0] ON [a].[RoleId] = [a0].[Id]
WHERE [a].[UserId] = @__userId_0" (0723d8ff)
2025-11-04T12:45:48.7760676+02:00 0HNGRHRE12OM2:00000013 [INF] Executed DbCommand ("3"ms) [Parameters=["@__user_Id_0='?' (DbType = Int32)"], CommandType='Text', CommandTimeout='30']"
""SELECT TOP(1) [n].[NurseId], [n].[ContactNumber], [n].[EmailAddress], [n].[FullName], [n].[Name], [n].[RegistrationNumber], [n].[Surname], [n].[UserId]
FROM [Nurses] AS [n]
WHERE [n].[UserId] = @__user_Id_0" (0723d8ff)
2025-11-04T12:45:48.7808468+02:00 0HNGRHRE12OM2:00000013 [INF] Executed DbCommand ("1"ms) [Parameters=["@__userId_0='?' (DbType = Int32)"], CommandType='Text', CommandTimeout='30']"
""SELECT [a0].[Name]
FROM [AspNetUserRoles] AS [a]
INNER JOIN [AspNetRoles] AS [a0] ON [a].[RoleId] = [a0].[Id]
WHERE [a].[UserId] = @__userId_0" (0723d8ff)
2025-11-04T12:45:48.8008995+02:00 0HNGRHRE12OM2:00000013 [INF] Executed DbCommand ("7"ms) [Parameters=["@__user_Id_0='?' (DbType = Int32)"], CommandType='Text', CommandTimeout='30']"
""SELECT TOP(1) [p].[PharmacistId], [p].[ContactNumber], [p].[EmailAddress], [p].[FullName], [p].[Name], [p].[RegistrationNumber], [p].[Surname], [p].[UserId]
FROM [Pharmacists] AS [p]
WHERE [p].[UserId] = @__user_Id_0" (0723d8ff)
2025-11-04T12:45:48.8036824+02:00 0HNGRHRE12OM2:00000013 [INF] Executing "OkObjectResult", writing value of type '"System.Collections.Generic.List`1[[System.Object, System.Private.CoreLib, Version=8.0.0.0, Culture=neutral, PublicKeyToken=7cec85d7bea7798e]]"'. (605b4265)
2025-11-04T12:45:48.8182389+02:00 0HNGRHRE12OM2:00000013 [INF] Executed action "E_Prescribing_API.Controllers.AdminController.GetUser (E_Prescribing_API)" in 285.3097ms (afa2e885)
2025-11-04T12:45:48.8183237+02:00 0HNGRHRE12OM2:00000013 [INF] Executed endpoint '"E_Prescribing_API.Controllers.AdminController.GetUser (E_Prescribing_API)"' (99874f2b)
2025-11-04T12:45:48.8186723+02:00 0HNGRHRE12OM2:00000013 [INF] Request finished "HTTP/2" "GET" "https"://"localhost:7150""""/api/Admin/GetUser""" - 200 null "application/json; charset=utf-8" 294.0591ms (74253ad3)
