2025-11-03T20:56:25.2904263+02:00  [INF] User profile is available. Using '"C:\Users\ThatoTs\AppData\Local\ASP.NET\DataProtection-Keys"' as key repository and Windows DPAPI to encrypt keys at rest. (7ac5e29c)
2025-11-03T20:56:25.5720794+02:00  [INF] Now listening on: "https://localhost:7150" (d826f4b8)
2025-11-03T20:56:25.5735829+02:00  [INF] Now listening on: "http://localhost:5031" (d826f4b8)
2025-11-03T20:56:25.6172498+02:00  [INF] Application started. Press Ctrl+C to shut down. (dcaefe54)
2025-11-03T20:56:25.6193259+02:00  [INF] Hosting environment: "Development" (bc5a1a4e)
2025-11-03T20:56:25.6209319+02:00  [INF] Content root path: "D:\HomeSpace\E_Prescribing_API\E_Prescribing_API" (cc26f24e)
2025-11-03T20:56:26.8512877+02:00 0HNGR1AO79PIL:00000003 [INF] Request starting "HTTP/2" "GET" "https"://"localhost:7150""""/swagger""" - null null (d509f86a)
2025-11-03T20:56:27.0186033+02:00 0HNGR1AO79PIL:00000003 [INF] Request finished "HTTP/2" "GET" "https"://"localhost:7150""""/swagger""" - 301 0 null 173.2216ms (74253ad3)
2025-11-03T20:56:27.0329274+02:00 0HNGR1AO79PIL:00000005 [INF] Request starting "HTTP/2" "GET" "https"://"localhost:7150""""/swagger/index.html""" - null null (d509f86a)
2025-11-03T20:56:27.1301975+02:00 0HNGR1AO79PIL:00000005 [INF] Request finished "HTTP/2" "GET" "https"://"localhost:7150""""/swagger/index.html""" - 200 null "text/html;charset=utf-8" 97.3481ms (74253ad3)
2025-11-03T20:56:27.1568926+02:00 0HNGR1AO79PIL:00000007 [INF] Request starting "HTTP/2" "GET" "https"://"localhost:7150""""/_framework/aspnetcore-browser-refresh.js""" - null null (d509f86a)
2025-11-03T20:56:27.1618189+02:00 0HNGR1AO79PIL:00000009 [INF] Request starting "HTTP/2" "GET" "https"://"localhost:7150""""/swagger/swagger-ui.css""" - null null (d509f86a)
2025-11-03T20:56:27.1635667+02:00 0HNGR1AO79PIL:00000007 [INF] Request finished "HTTP/2" "GET" "https"://"localhost:7150""""/_framework/aspnetcore-browser-refresh.js""" - 200 13770 "application/javascript; charset=utf-8" 7.2723ms (74253ad3)
2025-11-03T20:56:27.1643502+02:00 0HNGR1AO79PIL:0000000B [INF] Request starting "HTTP/2" "GET" "https"://"localhost:7150""""/_vs/browserLink""" - null null (d509f86a)
2025-11-03T20:56:27.1800525+02:00 0HNGR1AO79PIL:00000009 [INF] Sending file. Request path: '"/swagger-ui.css"'. Physical path: '"N/A"' (27b0a520)
2025-11-03T20:56:27.1802213+02:00 0HNGR1AO79PIL:00000009 [INF] Request finished "HTTP/2" "GET" "https"://"localhost:7150""""/swagger/swagger-ui.css""" - 499 152034 "text/css" 18.4851ms (74253ad3)
2025-11-03T20:56:27.2144378+02:00 0HNGR1AO79PIL:0000000B [INF] Request finished "HTTP/2" "GET" "https"://"localhost:7150""""/_vs/browserLink""" - 200 null "text/javascript; charset=UTF-8" 50.3222ms (74253ad3)
2025-11-03T20:56:27.2823112+02:00 0HNGR1AO79PIL:0000000D [INF] Request starting "HTTP/2" "GET" "https"://"localhost:7150""""/swagger/favicon-16x16.png""" - null null (d509f86a)
2025-11-03T20:56:27.2855551+02:00 0HNGR1AO79PIL:0000000D [INF] Sending file. Request path: '"/favicon-16x16.png"'. Physical path: '"N/A"' (27b0a520)
2025-11-03T20:56:27.2857285+02:00 0HNGR1AO79PIL:0000000D [INF] Request finished "HTTP/2" "GET" "https"://"localhost:7150""""/swagger/favicon-16x16.png""" - 499 665 "image/png" 3.9116ms (74253ad3)
2025-11-03T20:56:27.3139540+02:00 0HNGR1AO79PIL:0000000F [INF] Request starting "HTTP/2" "GET" "https"://"localhost:7150""""/swagger/v1/swagger.json""" - null null (d509f86a)
2025-11-03T20:56:27.4641174+02:00 0HNGR1AO79PIL:0000000F [INF] Request finished "HTTP/2" "GET" "https"://"localhost:7150""""/swagger/v1/swagger.json""" - 200 null "application/json;charset=utf-8" 150.4031ms (74253ad3)
2025-11-03T20:57:02.7801015+02:00 0HNGR1AO79PIL:00000011 [INF] Request starting "HTTP/2" "POST" "https"://"localhost:7150""""/api/Admin/AddUser""" - "application/json" 3637 (d509f86a)
2025-11-03T20:57:02.7965893+02:00 0HNGR1AO79PIL:00000011 [INF] Executing endpoint '"E_Prescribing_API.Controllers.AdminController.AddUser (E_Prescribing_API)"' (500cc934)
2025-11-03T20:57:02.8201062+02:00 0HNGR1AO79PIL:00000011 [INF] Route matched with "{action = \"AddUser\", controller = \"Admin\"}". Executing controller action with signature "System.Threading.Tasks.Task`1[Microsoft.AspNetCore.Mvc.IActionResult] AddUser(E_Prescribing_API.CollectionModel.UserCollection)" on controller "E_Prescribing_API.Controllers.AdminController" ("E_Prescribing_API"). (122b2fdf)
2025-11-03T20:57:04.1110503+02:00 0HNGR1AO79PIL:00000011 [INF] Executed DbCommand ("44"ms) [Parameters=["@__normalizedEmail_0='?' (Size = 256)"], CommandType='Text', CommandTimeout='30']"
""SELECT TOP(2) [a].[Id], [a].[AccessFailedCount], [a].[ConcurrencyStamp], [a].[Email], [a].[EmailConfirmed], [a].[LockoutEnabled], [a].[LockoutEnd], [a].[NormalizedEmail], [a].[NormalizedUserName], [a].[PasswordHash], [a].[PhoneNumber], [a].[PhoneNumberConfirmed], [a].[SecurityStamp], [a].[TwoFactorEnabled], [a].[UserName], [a].[UserRole]
FROM [AspNetUsers] AS [a]
WHERE [a].[NormalizedEmail] = @__normalizedEmail_0" (0723d8ff)
2025-11-03T20:57:04.2309001+02:00 0HNGR1AO79PIL:00000011 [INF] Executing "BadRequestObjectResult", writing value of type '"System.String"'. (605b4265)
2025-11-03T20:57:04.2353335+02:00 0HNGR1AO79PIL:00000011 [INF] Executed action "E_Prescribing_API.Controllers.AdminController.AddUser (E_Prescribing_API)" in 1411.613ms (afa2e885)
2025-11-03T20:57:04.2358093+02:00 0HNGR1AO79PIL:00000011 [INF] Executed endpoint '"E_Prescribing_API.Controllers.AdminController.AddUser (E_Prescribing_API)"' (99874f2b)
2025-11-03T20:57:04.2431841+02:00 0HNGR1AO79PIL:00000011 [INF] Request finished "HTTP/2" "POST" "https"://"localhost:7150""""/api/Admin/AddUser""" - 400 null "text/plain; charset=utf-8" 1463.1844ms (74253ad3)
2025-11-03T20:59:16.2701306+02:00 0HNGR1AO79PIL:00000013 [INF] Request starting "HTTP/2" "POST" "https"://"localhost:7150""""/api/Admin/AddUser""" - "application/json" 3637 (d509f86a)
2025-11-03T20:59:16.2711565+02:00 0HNGR1AO79PIL:00000013 [INF] Executing endpoint '"E_Prescribing_API.Controllers.AdminController.AddUser (E_Prescribing_API)"' (500cc934)
2025-11-03T20:59:16.2715044+02:00 0HNGR1AO79PIL:00000013 [INF] Route matched with "{action = \"AddUser\", controller = \"Admin\"}". Executing controller action with signature "System.Threading.Tasks.Task`1[Microsoft.AspNetCore.Mvc.IActionResult] AddUser(E_Prescribing_API.CollectionModel.UserCollection)" on controller "E_Prescribing_API.Controllers.AdminController" ("E_Prescribing_API"). (122b2fdf)
2025-11-03T20:59:16.3248006+02:00 0HNGR1AO79PIL:00000013 [INF] Executed DbCommand ("5"ms) [Parameters=["@__normalizedEmail_0='?' (Size = 256)"], CommandType='Text', CommandTimeout='30']"
""SELECT TOP(2) [a].[Id], [a].[AccessFailedCount], [a].[ConcurrencyStamp], [a].[Email], [a].[EmailConfirmed], [a].[LockoutEnabled], [a].[LockoutEnd], [a].[NormalizedEmail], [a].[NormalizedUserName], [a].[PasswordHash], [a].[PhoneNumber], [a].[PhoneNumberConfirmed], [a].[SecurityStamp], [a].[TwoFactorEnabled], [a].[UserName], [a].[UserRole]
FROM [AspNetUsers] AS [a]
WHERE [a].[NormalizedEmail] = @__normalizedEmail_0" (0723d8ff)
2025-11-03T20:59:16.3263762+02:00 0HNGR1AO79PIL:00000013 [INF] Executing "BadRequestObjectResult", writing value of type '"System.String"'. (605b4265)
2025-11-03T20:59:16.3267442+02:00 0HNGR1AO79PIL:00000013 [INF] Executed action "E_Prescribing_API.Controllers.AdminController.AddUser (E_Prescribing_API)" in 55.004ms (afa2e885)
2025-11-03T20:59:16.3269711+02:00 0HNGR1AO79PIL:00000013 [INF] Executed endpoint '"E_Prescribing_API.Controllers.AdminController.AddUser (E_Prescribing_API)"' (99874f2b)
2025-11-03T20:59:16.3273114+02:00 0HNGR1AO79PIL:00000013 [INF] Request finished "HTTP/2" "POST" "https"://"localhost:7150""""/api/Admin/AddUser""" - 400 null "text/plain; charset=utf-8" 57.4217ms (74253ad3)
2025-11-03T20:59:29.4797864+02:00  [INF] User profile is available. Using '"C:\Users\ThatoTs\AppData\Local\ASP.NET\DataProtection-Keys"' as key repository and Windows DPAPI to encrypt keys at rest. (7ac5e29c)
2025-11-03T20:59:29.7023454+02:00  [INF] Now listening on: "https://localhost:7150" (d826f4b8)
2025-11-03T20:59:29.7048587+02:00  [INF] Now listening on: "http://localhost:5031" (d826f4b8)
2025-11-03T20:59:29.7509447+02:00  [INF] Application started. Press Ctrl+C to shut down. (dcaefe54)
2025-11-03T20:59:29.7533651+02:00  [INF] Hosting environment: "Development" (bc5a1a4e)
2025-11-03T20:59:29.7548170+02:00  [INF] Content root path: "D:\HomeSpace\E_Prescribing_API\E_Prescribing_API" (cc26f24e)
2025-11-03T20:59:31.2817913+02:00 0HNGR1CF6CM1P:00000003 [INF] Request starting "HTTP/2" "GET" "https"://"localhost:7150""""/swagger""" - null null (d509f86a)
2025-11-03T20:59:31.4582759+02:00 0HNGR1CF6CM1P:00000003 [INF] Request finished "HTTP/2" "GET" "https"://"localhost:7150""""/swagger""" - 301 0 null 184.45ms (74253ad3)
2025-11-03T20:59:31.4847275+02:00 0HNGR1CF6CM1P:00000005 [INF] Request starting "HTTP/2" "GET" "https"://"localhost:7150""""/swagger/index.html""" - null null (d509f86a)
2025-11-03T20:59:31.5808727+02:00 0HNGR1CF6CM1P:00000005 [INF] Request finished "HTTP/2" "GET" "https"://"localhost:7150""""/swagger/index.html""" - 200 null "text/html;charset=utf-8" 96.2757ms (74253ad3)
2025-11-03T20:59:31.6368182+02:00 0HNGR1CF6CM1P:00000007 [INF] Request starting "HTTP/2" "GET" "https"://"localhost:7150""""/_framework/aspnetcore-browser-refresh.js""" - null null (d509f86a)
2025-11-03T20:59:31.6423840+02:00 0HNGR1CF6CM1P:00000007 [INF] Request finished "HTTP/2" "GET" "https"://"localhost:7150""""/_framework/aspnetcore-browser-refresh.js""" - 200 13770 "application/javascript; charset=utf-8" 6.3042ms (74253ad3)
2025-11-03T20:59:31.6425256+02:00 0HNGR1CF6CM1P:00000009 [INF] Request starting "HTTP/2" "GET" "https"://"localhost:7150""""/swagger/swagger-ui.css""" - null null (d509f86a)
2025-11-03T20:59:31.6435833+02:00 0HNGR1CF6CM1P:0000000B [INF] Request starting "HTTP/2" "GET" "https"://"localhost:7150""""/_vs/browserLink""" - null null (d509f86a)
2025-11-03T20:59:31.6647861+02:00 0HNGR1CF6CM1P:00000009 [INF] Sending file. Request path: '"/swagger-ui.css"'. Physical path: '"N/A"' (27b0a520)
2025-11-03T20:59:31.6650038+02:00 0HNGR1CF6CM1P:00000009 [INF] Request finished "HTTP/2" "GET" "https"://"localhost:7150""""/swagger/swagger-ui.css""" - 499 152034 "text/css" 22.5094ms (74253ad3)
2025-11-03T20:59:31.6918331+02:00 0HNGR1CF6CM1P:0000000B [INF] Request finished "HTTP/2" "GET" "https"://"localhost:7150""""/_vs/browserLink""" - 200 null "text/javascript; charset=UTF-8" 48.4283ms (74253ad3)
2025-11-03T20:59:31.7654454+02:00 0HNGR1CF6CM1P:0000000D [INF] Request starting "HTTP/2" "GET" "https"://"localhost:7150""""/swagger/favicon-16x16.png""" - null null (d509f86a)
2025-11-03T20:59:31.7678931+02:00 0HNGR1CF6CM1P:0000000D [INF] Sending file. Request path: '"/favicon-16x16.png"'. Physical path: '"N/A"' (27b0a520)
2025-11-03T20:59:31.7680526+02:00 0HNGR1CF6CM1P:0000000D [INF] Request finished "HTTP/2" "GET" "https"://"localhost:7150""""/swagger/favicon-16x16.png""" - 499 665 "image/png" 2.9036ms (74253ad3)
2025-11-03T20:59:31.8085961+02:00 0HNGR1CF6CM1P:0000000F [INF] Request starting "HTTP/2" "GET" "https"://"localhost:7150""""/swagger/v1/swagger.json""" - null null (d509f86a)
2025-11-03T20:59:31.9209572+02:00 0HNGR1CF6CM1P:0000000F [INF] Request finished "HTTP/2" "GET" "https"://"localhost:7150""""/swagger/v1/swagger.json""" - 200 null "application/json;charset=utf-8" 112.6752ms (74253ad3)
2025-11-03T20:59:42.6413062+02:00 0HNGR1CF6CM1P:00000011 [INF] Request starting "HTTP/2" "POST" "https"://"localhost:7150""""/api/Admin/AddUser""" - "application/json" 3637 (d509f86a)
2025-11-03T20:59:42.6469744+02:00 0HNGR1CF6CM1P:00000011 [INF] Executing endpoint '"E_Prescribing_API.Controllers.AdminController.AddUser (E_Prescribing_API)"' (500cc934)
2025-11-03T20:59:42.6737913+02:00 0HNGR1CF6CM1P:00000011 [INF] Route matched with "{action = \"AddUser\", controller = \"Admin\"}". Executing controller action with signature "System.Threading.Tasks.Task`1[Microsoft.AspNetCore.Mvc.IActionResult] AddUser(E_Prescribing_API.CollectionModel.UserCollection)" on controller "E_Prescribing_API.Controllers.AdminController" ("E_Prescribing_API"). (122b2fdf)
2025-11-03T20:59:44.2804487+02:00 0HNGR1CF6CM1P:00000011 [INF] Executed DbCommand ("42"ms) [Parameters=["@__normalizedEmail_0='?' (Size = 256)"], CommandType='Text', CommandTimeout='30']"
""SELECT TOP(2) [a].[Id], [a].[AccessFailedCount], [a].[ConcurrencyStamp], [a].[Email], [a].[EmailConfirmed], [a].[LockoutEnabled], [a].[LockoutEnd], [a].[NormalizedEmail], [a].[NormalizedUserName], [a].[PasswordHash], [a].[PhoneNumber], [a].[PhoneNumberConfirmed], [a].[SecurityStamp], [a].[TwoFactorEnabled], [a].[UserName], [a].[UserRole]
FROM [AspNetUsers] AS [a]
WHERE [a].[NormalizedEmail] = @__normalizedEmail_0" (0723d8ff)
2025-11-03T20:59:44.4021805+02:00 0HNGR1CF6CM1P:00000011 [INF] Executing "BadRequestObjectResult", writing value of type '"System.String"'. (605b4265)
2025-11-03T20:59:44.4119763+02:00 0HNGR1CF6CM1P:00000011 [INF] Executed action "E_Prescribing_API.Controllers.AdminController.AddUser (E_Prescribing_API)" in 1732.16ms (afa2e885)
2025-11-03T20:59:44.4127991+02:00 0HNGR1CF6CM1P:00000011 [INF] Executed endpoint '"E_Prescribing_API.Controllers.AdminController.AddUser (E_Prescribing_API)"' (99874f2b)
2025-11-03T20:59:44.4237331+02:00 0HNGR1CF6CM1P:00000011 [INF] Request finished "HTTP/2" "POST" "https"://"localhost:7150""""/api/Admin/AddUser""" - 400 null "text/plain; charset=utf-8" 1782.4954ms (74253ad3)
2025-11-03T21:03:20.9008897+02:00 0HNGR1CF6CM1Q:00000003 [INF] Request starting "HTTP/2" "POST" "https"://"localhost:7150""""/api/Admin/AddUser""" - "application/json" 3641 (d509f86a)
2025-11-03T21:03:20.9023347+02:00 0HNGR1CF6CM1Q:00000003 [INF] Executing endpoint '"E_Prescribing_API.Controllers.AdminController.AddUser (E_Prescribing_API)"' (500cc934)
2025-11-03T21:03:20.9025799+02:00 0HNGR1CF6CM1Q:00000003 [INF] Route matched with "{action = \"AddUser\", controller = \"Admin\"}". Executing controller action with signature "System.Threading.Tasks.Task`1[Microsoft.AspNetCore.Mvc.IActionResult] AddUser(E_Prescribing_API.CollectionModel.UserCollection)" on controller "E_Prescribing_API.Controllers.AdminController" ("E_Prescribing_API"). (122b2fdf)
2025-11-03T21:03:20.9625246+02:00 0HNGR1CF6CM1Q:00000003 [INF] Executed DbCommand ("5"ms) [Parameters=["@__normalizedEmail_0='?' (Size = 256)"], CommandType='Text', CommandTimeout='30']"
""SELECT TOP(2) [a].[Id], [a].[AccessFailedCount], [a].[ConcurrencyStamp], [a].[Email], [a].[EmailConfirmed], [a].[LockoutEnabled], [a].[LockoutEnd], [a].[NormalizedEmail], [a].[NormalizedUserName], [a].[PasswordHash], [a].[PhoneNumber], [a].[PhoneNumberConfirmed], [a].[SecurityStamp], [a].[TwoFactorEnabled], [a].[UserName], [a].[UserRole]
FROM [AspNetUsers] AS [a]
WHERE [a].[NormalizedEmail] = @__normalizedEmail_0" (0723d8ff)
2025-11-03T21:03:21.0404477+02:00 0HNGR1CF6CM1Q:00000003 [INF] Executed DbCommand ("3"ms) [Parameters=["@__normalizedUserName_0='?' (Size = 256)"], CommandType='Text', CommandTimeout='30']"
""SELECT TOP(1) [a].[Id], [a].[AccessFailedCount], [a].[ConcurrencyStamp], [a].[Email], [a].[EmailConfirmed], [a].[LockoutEnabled], [a].[LockoutEnd], [a].[NormalizedEmail], [a].[NormalizedUserName], [a].[PasswordHash], [a].[PhoneNumber], [a].[PhoneNumberConfirmed], [a].[SecurityStamp], [a].[TwoFactorEnabled], [a].[UserName], [a].[UserRole]
FROM [AspNetUsers] AS [a]
WHERE [a].[NormalizedUserName] = @__normalizedUserName_0" (0723d8ff)
2025-11-03T21:03:21.1407456+02:00 0HNGR1CF6CM1Q:00000003 [INF] Executed DbCommand ("6"ms) [Parameters=["@p0='?' (DbType = Int32), @p1='?' (Size = 4000), @p2='?' (Size = 256), @p3='?' (DbType = Boolean), @p4='?' (DbType = Boolean), @p5='?' (DbType = DateTimeOffset), @p6='?' (Size = 256), @p7='?' (Size = 256), @p8='?' (Size = 4000), @p9='?' (Size = 4000), @p10='?' (DbType = Boolean), @p11='?' (Size = 4000), @p12='?' (DbType = Boolean), @p13='?' (Size = 256), @p14='?' (Size = 4000)"], CommandType='Text', CommandTimeout='30']"
""SET IMPLICIT_TRANSACTIONS OFF;
SET NOCOUNT ON;
INSERT INTO [AspNetUsers] ([AccessFailedCount], [ConcurrencyStamp], [Email], [EmailConfirmed], [LockoutEnabled], [LockoutEnd], [NormalizedEmail], [NormalizedUserName], [PasswordHash], [PhoneNumber], [PhoneNumberConfirmed], [SecurityStamp], [TwoFactorEnabled], [UserName], [UserRole])
OUTPUT INSERTED.[Id]
VALUES (@p0, @p1, @p2, @p3, @p4, @p5, @p6, @p7, @p8, @p9, @p10, @p11, @p12, @p13, @p14);" (0723d8ff)
2025-11-03T21:03:21.1711808+02:00 0HNGR1CF6CM1Q:00000003 [INF] Executed DbCommand ("3"ms) [Parameters=["@__normalizedRoleName_0='?' (Size = 256)"], CommandType='Text', CommandTimeout='30']"
""SELECT TOP(2) [a].[Id], [a].[ConcurrencyStamp], [a].[Name], [a].[NormalizedName]
FROM [AspNetRoles] AS [a]
WHERE [a].[NormalizedName] = @__normalizedRoleName_0" (0723d8ff)
2025-11-03T21:03:21.2146554+02:00 0HNGR1CF6CM1Q:00000003 [INF] Executed DbCommand ("3"ms) [Parameters=["@__p_0='?' (DbType = Int32), @__p_1='?' (DbType = Int32)"], CommandType='Text', CommandTimeout='30']"
""SELECT TOP(1) [a].[UserId], [a].[RoleId]
FROM [AspNetUserRoles] AS [a]
WHERE [a].[UserId] = @__p_0 AND [a].[RoleId] = @__p_1" (0723d8ff)
2025-11-03T21:03:21.2220196+02:00 0HNGR1CF6CM1Q:00000003 [INF] Executed DbCommand ("1"ms) [Parameters=["@__normalizedRoleName_0='?' (Size = 256)"], CommandType='Text', CommandTimeout='30']"
""SELECT TOP(2) [a].[Id], [a].[ConcurrencyStamp], [a].[Name], [a].[NormalizedName]
FROM [AspNetRoles] AS [a]
WHERE [a].[NormalizedName] = @__normalizedRoleName_0" (0723d8ff)
2025-11-03T21:03:21.2370459+02:00 0HNGR1CF6CM1Q:00000003 [INF] Executed DbCommand ("1"ms) [Parameters=["@__normalizedUserName_0='?' (Size = 256)"], CommandType='Text', CommandTimeout='30']"
""SELECT TOP(1) [a].[Id], [a].[AccessFailedCount], [a].[ConcurrencyStamp], [a].[Email], [a].[EmailConfirmed], [a].[LockoutEnabled], [a].[LockoutEnd], [a].[NormalizedEmail], [a].[NormalizedUserName], [a].[PasswordHash], [a].[PhoneNumber], [a].[PhoneNumberConfirmed], [a].[SecurityStamp], [a].[TwoFactorEnabled], [a].[UserName], [a].[UserRole]
FROM [AspNetUsers] AS [a]
WHERE [a].[NormalizedUserName] = @__normalizedUserName_0" (0723d8ff)
2025-11-03T21:03:21.2778174+02:00 0HNGR1CF6CM1Q:00000003 [INF] Executed DbCommand ("10"ms) [Parameters=["@p0='?' (DbType = Int32), @p1='?' (DbType = Int32), @p17='?' (DbType = Int32), @p2='?' (DbType = Int32), @p3='?' (Size = 4000), @p18='?' (Size = 4000), @p4='?' (Size = 256), @p5='?' (DbType = Boolean), @p6='?' (DbType = Boolean), @p7='?' (DbType = DateTimeOffset), @p8='?' (Size = 256), @p9='?' (Size = 256), @p10='?' (Size = 4000), @p11='?' (Size = 4000), @p12='?' (DbType = Boolean), @p13='?' (Size = 4000), @p14='?' (DbType = Boolean), @p15='?' (Size = 256), @p16='?' (Size = 4000)"], CommandType='Text', CommandTimeout='30']"
""SET NOCOUNT ON;
INSERT INTO [AspNetUserRoles] ([RoleId], [UserId])
VALUES (@p0, @p1);
UPDATE [AspNetUsers] SET [AccessFailedCount] = @p2, [ConcurrencyStamp] = @p3, [Email] = @p4, [EmailConfirmed] = @p5, [LockoutEnabled] = @p6, [LockoutEnd] = @p7, [NormalizedEmail] = @p8, [NormalizedUserName] = @p9, [PasswordHash] = @p10, [PhoneNumber] = @p11, [PhoneNumberConfirmed] = @p12, [SecurityStamp] = @p13, [TwoFactorEnabled] = @p14, [UserName] = @p15, [UserRole] = @p16
OUTPUT 1
WHERE [Id] = @p17 AND [ConcurrencyStamp] = @p18;" (0723d8ff)
2025-11-03T21:03:21.3148413+02:00 0HNGR1CF6CM1Q:00000003 [INF] Executed DbCommand ("4"ms) [Parameters=["@p0='?' (Size = 4000), @p1='?' (Size = 4000), @p2='?' (Size = 4000), @p3='?' (Size = 4000), @p4='?' (Size = 4000), @p5='?' (Size = 4000), @p6='?' (DbType = Int32)"], CommandType='Text', CommandTimeout='30']"
""SET IMPLICIT_TRANSACTIONS OFF;
SET NOCOUNT ON;
INSERT INTO [Nurses] ([ContactNumber], [EmailAddress], [FullName], [Name], [RegistrationNumber], [Surname], [UserId])
OUTPUT INSERTED.[NurseId]
VALUES (@p0, @p1, @p2, @p3, @p4, @p5, @p6);" (0723d8ff)
2025-11-03T21:03:26.0659184+02:00 0HNGR1CF6CM1Q:00000003 [ERR] Failed to send email to "Nurse2@gmail.com" (e0df8605)
System.ArgumentNullException: Value cannot be null. (Parameter 'logger')
   at System.ThrowHelper.Throw(String paramName)
   at Microsoft.Extensions.Logging.LoggerExtensions.Log(ILogger logger, LogLevel logLevel, EventId eventId, Exception exception, String message, Object[] args)
   at Microsoft.Extensions.Logging.LoggerExtensions.LogError(ILogger logger, Exception exception, String message, Object[] args)
   at E_Prescribing_API.Data.Services.EmailSender.SendEmailAsync(String email, String subject, String htmlMessage) in D:\HomeSpace\E_Prescribing_API\E_Prescribing_API\Data\Services\EmailSender.cs:line 52
   at E_Prescribing_API.Controllers.AdminController.AddUser(UserCollection model) in D:\HomeSpace\E_Prescribing_API\E_Prescribing_API\Controllers\AdminController.cs:line 137
2025-11-03T21:03:26.0666356+02:00 0HNGR1CF6CM1Q:00000003 [INF] Executing "OkObjectResult", writing value of type '"<>f__AnonymousType2`4[[System.String, System.Private.CoreLib, Version=8.0.0.0, Culture=neutral, PublicKeyToken=7cec85d7bea7798e],[System.String, System.Private.CoreLib, Version=8.0.0.0, Culture=neutral, PublicKeyToken=7cec85d7bea7798e],[System.String, System.Private.CoreLib, Version=8.0.0.0, Culture=neutral, PublicKeyToken=7cec85d7bea7798e],[System.String, System.Private.CoreLib, Version=8.0.0.0, Culture=neutral, PublicKeyToken=7cec85d7bea7798e]]"'. (605b4265)
2025-11-03T21:03:26.0733134+02:00 0HNGR1CF6CM1Q:00000003 [INF] Executed action "E_Prescribing_API.Controllers.AdminController.AddUser (E_Prescribing_API)" in 5170.639ms (afa2e885)
2025-11-03T21:03:26.0733886+02:00 0HNGR1CF6CM1Q:00000003 [INF] Executed endpoint '"E_Prescribing_API.Controllers.AdminController.AddUser (E_Prescribing_API)"' (99874f2b)
2025-11-03T21:03:26.0738807+02:00 0HNGR1CF6CM1Q:00000003 [INF] Request finished "HTTP/2" "POST" "https"://"localhost:7150""""/api/Admin/AddUser""" - 200 null "application/json; charset=utf-8" 5173.7791ms (74253ad3)
2025-11-03T21:07:10.6389784+02:00 0HNGR1CF6CM1R:00000003 [INF] Request starting "HTTP/2" "POST" "https"://"localhost:7150""""/api/Admin/AddUser""" - "application/json" 3664 (d509f86a)
2025-11-03T21:07:10.6394836+02:00 0HNGR1CF6CM1R:00000003 [INF] Executing endpoint '"E_Prescribing_API.Controllers.AdminController.AddUser (E_Prescribing_API)"' (500cc934)
2025-11-03T21:07:10.6397096+02:00 0HNGR1CF6CM1R:00000003 [INF] Route matched with "{action = \"AddUser\", controller = \"Admin\"}". Executing controller action with signature "System.Threading.Tasks.Task`1[Microsoft.AspNetCore.Mvc.IActionResult] AddUser(E_Prescribing_API.CollectionModel.UserCollection)" on controller "E_Prescribing_API.Controllers.AdminController" ("E_Prescribing_API"). (122b2fdf)
2025-11-03T21:07:10.6599533+02:00 0HNGR1CF6CM1R:00000003 [INF] Executing "BadRequestObjectResult", writing value of type '"Microsoft.AspNetCore.Mvc.ValidationProblemDetails"'. (605b4265)
2025-11-03T21:07:10.6768428+02:00 0HNGR1CF6CM1R:00000003 [INF] Executed action "E_Prescribing_API.Controllers.AdminController.AddUser (E_Prescribing_API)" in 37.0849ms (afa2e885)
2025-11-03T21:07:10.6768931+02:00 0HNGR1CF6CM1R:00000003 [INF] Executed endpoint '"E_Prescribing_API.Controllers.AdminController.AddUser (E_Prescribing_API)"' (99874f2b)
2025-11-03T21:07:10.6769953+02:00 0HNGR1CF6CM1R:00000003 [INF] Request finished "HTTP/2" "POST" "https"://"localhost:7150""""/api/Admin/AddUser""" - 400 null "application/problem+json; charset=utf-8" 38.3154ms (74253ad3)
2025-11-03T21:07:41.9666584+02:00 0HNGR1CF6CM1R:00000005 [INF] Request starting "HTTP/2" "POST" "https"://"localhost:7150""""/api/Admin/AddUser""" - "application/json" 3664 (d509f86a)
2025-11-03T21:07:41.9672948+02:00 0HNGR1CF6CM1R:00000005 [INF] Executing endpoint '"E_Prescribing_API.Controllers.AdminController.AddUser (E_Prescribing_API)"' (500cc934)
2025-11-03T21:07:41.9681929+02:00 0HNGR1CF6CM1R:00000005 [INF] Route matched with "{action = \"AddUser\", controller = \"Admin\"}". Executing controller action with signature "System.Threading.Tasks.Task`1[Microsoft.AspNetCore.Mvc.IActionResult] AddUser(E_Prescribing_API.CollectionModel.UserCollection)" on controller "E_Prescribing_API.Controllers.AdminController" ("E_Prescribing_API"). (122b2fdf)
2025-11-03T21:07:41.9738026+02:00 0HNGR1CF6CM1R:00000005 [INF] Executing "BadRequestObjectResult", writing value of type '"Microsoft.AspNetCore.Mvc.ValidationProblemDetails"'. (605b4265)
2025-11-03T21:07:41.9741802+02:00 0HNGR1CF6CM1R:00000005 [INF] Executed action "E_Prescribing_API.Controllers.AdminController.AddUser (E_Prescribing_API)" in 5.9237ms (afa2e885)
2025-11-03T21:07:41.9742243+02:00 0HNGR1CF6CM1R:00000005 [INF] Executed endpoint '"E_Prescribing_API.Controllers.AdminController.AddUser (E_Prescribing_API)"' (99874f2b)
2025-11-03T21:07:41.9743407+02:00 0HNGR1CF6CM1R:00000005 [INF] Request finished "HTTP/2" "POST" "https"://"localhost:7150""""/api/Admin/AddUser""" - 400 null "application/problem+json; charset=utf-8" 7.7755ms (74253ad3)
2025-11-03T21:08:18.8374991+02:00 0HNGR1CF6CM1R:00000007 [INF] Request starting "HTTP/2" "POST" "https"://"localhost:7150""""/api/Admin/AddUser""" - "application/json" 3664 (d509f86a)
2025-11-03T21:08:18.8398799+02:00 0HNGR1CF6CM1R:00000007 [INF] Executing endpoint '"E_Prescribing_API.Controllers.AdminController.AddUser (E_Prescribing_API)"' (500cc934)
2025-11-03T21:08:18.8399653+02:00 0HNGR1CF6CM1R:00000007 [INF] Route matched with "{action = \"AddUser\", controller = \"Admin\"}". Executing controller action with signature "System.Threading.Tasks.Task`1[Microsoft.AspNetCore.Mvc.IActionResult] AddUser(E_Prescribing_API.CollectionModel.UserCollection)" on controller "E_Prescribing_API.Controllers.AdminController" ("E_Prescribing_API"). (122b2fdf)
2025-11-03T21:08:18.8424068+02:00 0HNGR1CF6CM1R:00000007 [INF] Executing "BadRequestObjectResult", writing value of type '"Microsoft.AspNetCore.Mvc.ValidationProblemDetails"'. (605b4265)
2025-11-03T21:08:18.8426437+02:00 0HNGR1CF6CM1R:00000007 [INF] Executed action "E_Prescribing_API.Controllers.AdminController.AddUser (E_Prescribing_API)" in 2.6397ms (afa2e885)
2025-11-03T21:08:18.8426784+02:00 0HNGR1CF6CM1R:00000007 [INF] Executed endpoint '"E_Prescribing_API.Controllers.AdminController.AddUser (E_Prescribing_API)"' (99874f2b)
2025-11-03T21:08:18.8427477+02:00 0HNGR1CF6CM1R:00000007 [INF] Request finished "HTTP/2" "POST" "https"://"localhost:7150""""/api/Admin/AddUser""" - 400 null "application/problem+json; charset=utf-8" 5.9997ms (74253ad3)
2025-11-03T21:08:30.1684083+02:00 0HNGR1CF6CM1R:00000009 [INF] Request starting "HTTP/2" "POST" "https"://"localhost:7150""""/api/Admin/AddUser""" - "application/json" 3637 (d509f86a)
2025-11-03T21:08:30.1692815+02:00 0HNGR1CF6CM1R:00000009 [INF] Executing endpoint '"E_Prescribing_API.Controllers.AdminController.AddUser (E_Prescribing_API)"' (500cc934)
2025-11-03T21:08:30.1694666+02:00 0HNGR1CF6CM1R:00000009 [INF] Route matched with "{action = \"AddUser\", controller = \"Admin\"}". Executing controller action with signature "System.Threading.Tasks.Task`1[Microsoft.AspNetCore.Mvc.IActionResult] AddUser(E_Prescribing_API.CollectionModel.UserCollection)" on controller "E_Prescribing_API.Controllers.AdminController" ("E_Prescribing_API"). (122b2fdf)
2025-11-03T21:08:30.2033030+02:00 0HNGR1CF6CM1R:00000009 [INF] Executed DbCommand ("7"ms) [Parameters=["@__normalizedEmail_0='?' (Size = 256)"], CommandType='Text', CommandTimeout='30']"
""SELECT TOP(2) [a].[Id], [a].[AccessFailedCount], [a].[ConcurrencyStamp], [a].[Email], [a].[EmailConfirmed], [a].[LockoutEnabled], [a].[LockoutEnd], [a].[NormalizedEmail], [a].[NormalizedUserName], [a].[PasswordHash], [a].[PhoneNumber], [a].[PhoneNumberConfirmed], [a].[SecurityStamp], [a].[TwoFactorEnabled], [a].[UserName], [a].[UserRole]
FROM [AspNetUsers] AS [a]
WHERE [a].[NormalizedEmail] = @__normalizedEmail_0" (0723d8ff)
2025-11-03T21:08:30.2041964+02:00 0HNGR1CF6CM1R:00000009 [INF] Executing "BadRequestObjectResult", writing value of type '"System.String"'. (605b4265)
2025-11-03T21:08:30.2044196+02:00 0HNGR1CF6CM1R:00000009 [INF] Executed action "E_Prescribing_API.Controllers.AdminController.AddUser (E_Prescribing_API)" in 34.8268ms (afa2e885)
2025-11-03T21:08:30.2044712+02:00 0HNGR1CF6CM1R:00000009 [INF] Executed endpoint '"E_Prescribing_API.Controllers.AdminController.AddUser (E_Prescribing_API)"' (99874f2b)
2025-11-03T21:08:30.2046945+02:00 0HNGR1CF6CM1R:00000009 [INF] Request finished "HTTP/2" "POST" "https"://"localhost:7150""""/api/Admin/AddUser""" - 400 null "text/plain; charset=utf-8" 36.3779ms (74253ad3)
2025-11-03T21:09:26.8488278+02:00 0HNGR1CF6CM1R:0000000B [INF] Request starting "HTTP/2" "POST" "https"://"localhost:7150""""/api/Admin/AddUser""" - "application/json" 3665 (d509f86a)
2025-11-03T21:09:26.8504209+02:00 0HNGR1CF6CM1R:0000000B [INF] Executing endpoint '"E_Prescribing_API.Controllers.AdminController.AddUser (E_Prescribing_API)"' (500cc934)
2025-11-03T21:09:26.8505556+02:00 0HNGR1CF6CM1R:0000000B [INF] Route matched with "{action = \"AddUser\", controller = \"Admin\"}". Executing controller action with signature "System.Threading.Tasks.Task`1[Microsoft.AspNetCore.Mvc.IActionResult] AddUser(E_Prescribing_API.CollectionModel.UserCollection)" on controller "E_Prescribing_API.Controllers.AdminController" ("E_Prescribing_API"). (122b2fdf)
2025-11-03T21:09:26.8641730+02:00 0HNGR1CF6CM1R:0000000B [INF] Executed DbCommand ("5"ms) [Parameters=["@__normalizedEmail_0='?' (Size = 256)"], CommandType='Text', CommandTimeout='30']"
""SELECT TOP(2) [a].[Id], [a].[AccessFailedCount], [a].[ConcurrencyStamp], [a].[Email], [a].[EmailConfirmed], [a].[LockoutEnabled], [a].[LockoutEnd], [a].[NormalizedEmail], [a].[NormalizedUserName], [a].[PasswordHash], [a].[PhoneNumber], [a].[PhoneNumberConfirmed], [a].[SecurityStamp], [a].[TwoFactorEnabled], [a].[UserName], [a].[UserRole]
FROM [AspNetUsers] AS [a]
WHERE [a].[NormalizedEmail] = @__normalizedEmail_0" (0723d8ff)
2025-11-03T21:09:26.9233278+02:00 0HNGR1CF6CM1R:0000000B [INF] Executed DbCommand ("4"ms) [Parameters=["@__normalizedUserName_0='?' (Size = 256)"], CommandType='Text', CommandTimeout='30']"
""SELECT TOP(1) [a].[Id], [a].[AccessFailedCount], [a].[ConcurrencyStamp], [a].[Email], [a].[EmailConfirmed], [a].[LockoutEnabled], [a].[LockoutEnd], [a].[NormalizedEmail], [a].[NormalizedUserName], [a].[PasswordHash], [a].[PhoneNumber], [a].[PhoneNumberConfirmed], [a].[SecurityStamp], [a].[TwoFactorEnabled], [a].[UserName], [a].[UserRole]
FROM [AspNetUsers] AS [a]
WHERE [a].[NormalizedUserName] = @__normalizedUserName_0" (0723d8ff)
2025-11-03T21:09:26.9305624+02:00 0HNGR1CF6CM1R:0000000B [INF] Executed DbCommand ("4"ms) [Parameters=["@p0='?' (DbType = Int32), @p1='?' (Size = 4000), @p2='?' (Size = 256), @p3='?' (DbType = Boolean), @p4='?' (DbType = Boolean), @p5='?' (DbType = DateTimeOffset), @p6='?' (Size = 256), @p7='?' (Size = 256), @p8='?' (Size = 4000), @p9='?' (Size = 4000), @p10='?' (DbType = Boolean), @p11='?' (Size = 4000), @p12='?' (DbType = Boolean), @p13='?' (Size = 256), @p14='?' (Size = 4000)"], CommandType='Text', CommandTimeout='30']"
""SET IMPLICIT_TRANSACTIONS OFF;
SET NOCOUNT ON;
INSERT INTO [AspNetUsers] ([AccessFailedCount], [ConcurrencyStamp], [Email], [EmailConfirmed], [LockoutEnabled], [LockoutEnd], [NormalizedEmail], [NormalizedUserName], [PasswordHash], [PhoneNumber], [PhoneNumberConfirmed], [SecurityStamp], [TwoFactorEnabled], [UserName], [UserRole])
OUTPUT INSERTED.[Id]
VALUES (@p0, @p1, @p2, @p3, @p4, @p5, @p6, @p7, @p8, @p9, @p10, @p11, @p12, @p13, @p14);" (0723d8ff)
2025-11-03T21:09:26.9358472+02:00 0HNGR1CF6CM1R:0000000B [INF] Executed DbCommand ("3"ms) [Parameters=["@__normalizedRoleName_0='?' (Size = 256)"], CommandType='Text', CommandTimeout='30']"
""SELECT TOP(2) [a].[Id], [a].[ConcurrencyStamp], [a].[Name], [a].[NormalizedName]
FROM [AspNetRoles] AS [a]
WHERE [a].[NormalizedName] = @__normalizedRoleName_0" (0723d8ff)
2025-11-03T21:09:26.9403415+02:00 0HNGR1CF6CM1R:0000000B [INF] Executed DbCommand ("2"ms) [Parameters=["@__p_0='?' (DbType = Int32), @__p_1='?' (DbType = Int32)"], CommandType='Text', CommandTimeout='30']"
""SELECT TOP(1) [a].[UserId], [a].[RoleId]
FROM [AspNetUserRoles] AS [a]
WHERE [a].[UserId] = @__p_0 AND [a].[RoleId] = @__p_1" (0723d8ff)
2025-11-03T21:09:26.9431135+02:00 0HNGR1CF6CM1R:0000000B [INF] Executed DbCommand ("1"ms) [Parameters=["@__normalizedRoleName_0='?' (Size = 256)"], CommandType='Text', CommandTimeout='30']"
""SELECT TOP(2) [a].[Id], [a].[ConcurrencyStamp], [a].[Name], [a].[NormalizedName]
FROM [AspNetRoles] AS [a]
WHERE [a].[NormalizedName] = @__normalizedRoleName_0" (0723d8ff)
2025-11-03T21:09:26.9475815+02:00 0HNGR1CF6CM1R:0000000B [INF] Executed DbCommand ("1"ms) [Parameters=["@__normalizedUserName_0='?' (Size = 256)"], CommandType='Text', CommandTimeout='30']"
""SELECT TOP(1) [a].[Id], [a].[AccessFailedCount], [a].[ConcurrencyStamp], [a].[Email], [a].[EmailConfirmed], [a].[LockoutEnabled], [a].[LockoutEnd], [a].[NormalizedEmail], [a].[NormalizedUserName], [a].[PasswordHash], [a].[PhoneNumber], [a].[PhoneNumberConfirmed], [a].[SecurityStamp], [a].[TwoFactorEnabled], [a].[UserName], [a].[UserRole]
FROM [AspNetUsers] AS [a]
WHERE [a].[NormalizedUserName] = @__normalizedUserName_0" (0723d8ff)
2025-11-03T21:09:26.9621267+02:00 0HNGR1CF6CM1R:0000000B [INF] Executed DbCommand ("9"ms) [Parameters=["@p0='?' (DbType = Int32), @p1='?' (DbType = Int32), @p17='?' (DbType = Int32), @p2='?' (DbType = Int32), @p3='?' (Size = 4000), @p18='?' (Size = 4000), @p4='?' (Size = 256), @p5='?' (DbType = Boolean), @p6='?' (DbType = Boolean), @p7='?' (DbType = DateTimeOffset), @p8='?' (Size = 256), @p9='?' (Size = 256), @p10='?' (Size = 4000), @p11='?' (Size = 4000), @p12='?' (DbType = Boolean), @p13='?' (Size = 4000), @p14='?' (DbType = Boolean), @p15='?' (Size = 256), @p16='?' (Size = 4000)"], CommandType='Text', CommandTimeout='30']"
""SET NOCOUNT ON;
INSERT INTO [AspNetUserRoles] ([RoleId], [UserId])
VALUES (@p0, @p1);
UPDATE [AspNetUsers] SET [AccessFailedCount] = @p2, [ConcurrencyStamp] = @p3, [Email] = @p4, [EmailConfirmed] = @p5, [LockoutEnabled] = @p6, [LockoutEnd] = @p7, [NormalizedEmail] = @p8, [NormalizedUserName] = @p9, [PasswordHash] = @p10, [PhoneNumber] = @p11, [PhoneNumberConfirmed] = @p12, [SecurityStamp] = @p13, [TwoFactorEnabled] = @p14, [UserName] = @p15, [UserRole] = @p16
OUTPUT 1
WHERE [Id] = @p17 AND [ConcurrencyStamp] = @p18;" (0723d8ff)
2025-11-03T21:09:26.9703129+02:00 0HNGR1CF6CM1R:0000000B [INF] Executed DbCommand ("4"ms) [Parameters=["@p0='?' (Size = 4000), @p1='?' (Size = 4000), @p2='?' (Size = 4000), @p3='?' (Size = 4000), @p4='?' (Size = 4000), @p5='?' (Size = 4000), @p6='?' (DbType = Int32)"], CommandType='Text', CommandTimeout='30']"
""SET IMPLICIT_TRANSACTIONS OFF;
SET NOCOUNT ON;
INSERT INTO [Nurses] ([ContactNumber], [EmailAddress], [FullName], [Name], [RegistrationNumber], [Surname], [UserId])
OUTPUT INSERTED.[NurseId]
VALUES (@p0, @p1, @p2, @p3, @p4, @p5, @p6);" (0723d8ff)
2025-11-03T21:09:31.1533264+02:00 0HNGR1CF6CM1R:0000000B [ERR] Failed to send email to "tshomathato1@gmail.com" (e0df8605)
System.ArgumentNullException: Value cannot be null. (Parameter 'logger')
   at System.ThrowHelper.Throw(String paramName)
   at Microsoft.Extensions.Logging.LoggerExtensions.Log(ILogger logger, LogLevel logLevel, EventId eventId, Exception exception, String message, Object[] args)
   at Microsoft.Extensions.Logging.LoggerExtensions.LogError(ILogger logger, Exception exception, String message, Object[] args)
   at E_Prescribing_API.Data.Services.EmailSender.SendEmailAsync(String email, String subject, String htmlMessage) in D:\HomeSpace\E_Prescribing_API\E_Prescribing_API\Data\Services\EmailSender.cs:line 52
   at E_Prescribing_API.Controllers.AdminController.AddUser(UserCollection model) in D:\HomeSpace\E_Prescribing_API\E_Prescribing_API\Controllers\AdminController.cs:line 137
2025-11-03T21:09:31.1535159+02:00 0HNGR1CF6CM1R:0000000B [INF] Executing "OkObjectResult", writing value of type '"<>f__AnonymousType2`4[[System.String, System.Private.CoreLib, Version=8.0.0.0, Culture=neutral, PublicKeyToken=7cec85d7bea7798e],[System.String, System.Private.CoreLib, Version=8.0.0.0, Culture=neutral, PublicKeyToken=7cec85d7bea7798e],[System.String, System.Private.CoreLib, Version=8.0.0.0, Culture=neutral, PublicKeyToken=7cec85d7bea7798e],[System.String, System.Private.CoreLib, Version=8.0.0.0, Culture=neutral, PublicKeyToken=7cec85d7bea7798e]]"'. (605b4265)
2025-11-03T21:09:31.1536503+02:00 0HNGR1CF6CM1R:0000000B [INF] Executed action "E_Prescribing_API.Controllers.AdminController.AddUser (E_Prescribing_API)" in 4303.0569ms (afa2e885)
2025-11-03T21:09:31.1536754+02:00 0HNGR1CF6CM1R:0000000B [INF] Executed endpoint '"E_Prescribing_API.Controllers.AdminController.AddUser (E_Prescribing_API)"' (99874f2b)
2025-11-03T21:09:31.1538477+02:00 0HNGR1CF6CM1R:0000000B [INF] Request finished "HTTP/2" "POST" "https"://"localhost:7150""""/api/Admin/AddUser""" - 200 null "application/json; charset=utf-8" 4305.2964ms (74253ad3)
2025-11-03T21:23:37.6479456+02:00  [INF] User profile is available. Using '"C:\Users\ThatoTs\AppData\Local\ASP.NET\DataProtection-Keys"' as key repository and Windows DPAPI to encrypt keys at rest. (7ac5e29c)
2025-11-03T21:23:37.8694106+02:00  [INF] Now listening on: "https://localhost:7150" (d826f4b8)
2025-11-03T21:23:37.8719569+02:00  [INF] Now listening on: "http://localhost:5031" (d826f4b8)
2025-11-03T21:23:37.9205734+02:00  [INF] Application started. Press Ctrl+C to shut down. (dcaefe54)
2025-11-03T21:23:37.9233462+02:00  [INF] Hosting environment: "Development" (bc5a1a4e)
2025-11-03T21:23:37.9249811+02:00  [INF] Content root path: "D:\HomeSpace\E_Prescribing_API\E_Prescribing_API" (cc26f24e)
2025-11-03T21:23:39.2692245+02:00 0HNGR1PUOR8JG:00000003 [INF] Request starting "HTTP/2" "GET" "https"://"localhost:7150""""/swagger""" - null null (d509f86a)
2025-11-03T21:23:39.4377481+02:00 0HNGR1PUOR8JG:00000003 [INF] Request finished "HTTP/2" "GET" "https"://"localhost:7150""""/swagger""" - 301 0 null 172.7328ms (74253ad3)
2025-11-03T21:23:39.4480947+02:00 0HNGR1PUOR8JG:00000005 [INF] Request starting "HTTP/2" "GET" "https"://"localhost:7150""""/swagger/index.html""" - null null (d509f86a)
2025-11-03T21:23:39.5594408+02:00 0HNGR1PUOR8JG:00000005 [INF] Request finished "HTTP/2" "GET" "https"://"localhost:7150""""/swagger/index.html""" - 200 null "text/html;charset=utf-8" 111.9938ms (74253ad3)
2025-11-03T21:23:39.5945619+02:00 0HNGR1PUOR8JG:00000007 [INF] Request starting "HTTP/2" "GET" "https"://"localhost:7150""""/_framework/aspnetcore-browser-refresh.js""" - null null (d509f86a)
2025-11-03T21:23:39.5983361+02:00 0HNGR1PUOR8JG:00000009 [INF] Request starting "HTTP/2" "GET" "https"://"localhost:7150""""/swagger/swagger-ui.css""" - null null (d509f86a)
2025-11-03T21:23:39.6006912+02:00 0HNGR1PUOR8JG:0000000B [INF] Request starting "HTTP/2" "GET" "https"://"localhost:7150""""/_vs/browserLink""" - null null (d509f86a)
2025-11-03T21:23:39.6014085+02:00 0HNGR1PUOR8JG:00000007 [INF] Request finished "HTTP/2" "GET" "https"://"localhost:7150""""/_framework/aspnetcore-browser-refresh.js""" - 200 13770 "application/javascript; charset=utf-8" 7.1486ms (74253ad3)
2025-11-03T21:23:39.6254942+02:00 0HNGR1PUOR8JG:00000009 [INF] Sending file. Request path: '"/swagger-ui.css"'. Physical path: '"N/A"' (27b0a520)
2025-11-03T21:23:39.6256678+02:00 0HNGR1PUOR8JG:00000009 [INF] Request finished "HTTP/2" "GET" "https"://"localhost:7150""""/swagger/swagger-ui.css""" - 499 152034 "text/css" 27.3837ms (74253ad3)
2025-11-03T21:23:39.6554865+02:00 0HNGR1PUOR8JG:0000000B [INF] Request finished "HTTP/2" "GET" "https"://"localhost:7150""""/_vs/browserLink""" - 200 null "text/javascript; charset=UTF-8" 55.3272ms (74253ad3)
2025-11-03T21:23:39.7271807+02:00 0HNGR1PUOR8JG:0000000D [INF] Request starting "HTTP/2" "GET" "https"://"localhost:7150""""/swagger/favicon-16x16.png""" - null null (d509f86a)
2025-11-03T21:23:39.7294934+02:00 0HNGR1PUOR8JG:0000000D [INF] Sending file. Request path: '"/favicon-16x16.png"'. Physical path: '"N/A"' (27b0a520)
2025-11-03T21:23:39.7296642+02:00 0HNGR1PUOR8JG:0000000D [INF] Request finished "HTTP/2" "GET" "https"://"localhost:7150""""/swagger/favicon-16x16.png""" - 499 665 "image/png" 2.7914ms (74253ad3)
2025-11-03T21:23:39.7683217+02:00 0HNGR1PUOR8JG:0000000F [INF] Request starting "HTTP/2" "GET" "https"://"localhost:7150""""/swagger/v1/swagger.json""" - null null (d509f86a)
2025-11-03T21:23:39.8860990+02:00 0HNGR1PUOR8JG:0000000F [INF] Request finished "HTTP/2" "GET" "https"://"localhost:7150""""/swagger/v1/swagger.json""" - 200 null "application/json;charset=utf-8" 119.0398ms (74253ad3)
2025-11-03T21:23:49.2855057+02:00 0HNGR1PUOR8JG:00000011 [INF] Request starting "HTTP/2" "POST" "https"://"localhost:7150""""/api/Admin/AddUser""" - "application/json" 3637 (d509f86a)
2025-11-03T21:23:49.2922415+02:00 0HNGR1PUOR8JG:00000011 [INF] Executing endpoint '"E_Prescribing_API.Controllers.AdminController.AddUser (E_Prescribing_API)"' (500cc934)
2025-11-03T21:23:49.3170897+02:00 0HNGR1PUOR8JG:00000011 [INF] Route matched with "{action = \"AddUser\", controller = \"Admin\"}". Executing controller action with signature "System.Threading.Tasks.Task`1[Microsoft.AspNetCore.Mvc.IActionResult] AddUser(E_Prescribing_API.CollectionModel.UserCollection)" on controller "E_Prescribing_API.Controllers.AdminController" ("E_Prescribing_API"). (122b2fdf)
2025-11-03T21:23:50.8755034+02:00 0HNGR1PUOR8JG:00000011 [INF] Executed DbCommand ("47"ms) [Parameters=["@__normalizedEmail_0='?' (Size = 256)"], CommandType='Text', CommandTimeout='30']"
""SELECT TOP(2) [a].[Id], [a].[AccessFailedCount], [a].[ConcurrencyStamp], [a].[Email], [a].[EmailConfirmed], [a].[LockoutEnabled], [a].[LockoutEnd], [a].[NormalizedEmail], [a].[NormalizedUserName], [a].[PasswordHash], [a].[PhoneNumber], [a].[PhoneNumberConfirmed], [a].[SecurityStamp], [a].[TwoFactorEnabled], [a].[UserName], [a].[UserRole]
FROM [AspNetUsers] AS [a]
WHERE [a].[NormalizedEmail] = @__normalizedEmail_0" (0723d8ff)
2025-11-03T21:23:50.9563963+02:00 0HNGR1PUOR8JG:00000011 [INF] Executing "BadRequestObjectResult", writing value of type '"System.String"'. (605b4265)
2025-11-03T21:23:50.9595876+02:00 0HNGR1PUOR8JG:00000011 [INF] Executed action "E_Prescribing_API.Controllers.AdminController.AddUser (E_Prescribing_API)" in 1639.5441ms (afa2e885)
2025-11-03T21:23:50.9598786+02:00 0HNGR1PUOR8JG:00000011 [INF] Executed endpoint '"E_Prescribing_API.Controllers.AdminController.AddUser (E_Prescribing_API)"' (99874f2b)
2025-11-03T21:23:50.9675642+02:00 0HNGR1PUOR8JG:00000011 [INF] Request finished "HTTP/2" "POST" "https"://"localhost:7150""""/api/Admin/AddUser""" - 400 null "text/plain; charset=utf-8" 1682.27ms (74253ad3)
