2025-11-09T00:01:02.9069839+02:00  [INF] User profile is available. Using '"C:\Users\ThatoTs\AppData\Local\ASP.NET\DataProtection-Keys"' as key repository and Windows DPAPI to encrypt keys at rest. (7ac5e29c)
2025-11-09T00:01:03.4332643+02:00  [INF] Now listening on: "https://localhost:7150" (d826f4b8)
2025-11-09T00:01:03.4371322+02:00  [INF] Now listening on: "http://localhost:5031" (d826f4b8)
2025-11-09T00:01:03.5583825+02:00  [INF] Application started. Press Ctrl+C to shut down. (dcaefe54)
2025-11-09T00:01:03.5630402+02:00  [INF] Hosting environment: "Development" (bc5a1a4e)
2025-11-09T00:01:03.5670778+02:00  [INF] Content root path: "D:\HomeSpace\E_Prescribing_API\E_Prescribing_API" (cc26f24e)
2025-11-09T00:01:06.2562573+02:00 0HNGV297LQSP4:00000003 [INF] Request starting "HTTP/2" "GET" "https"://"localhost:7150""""/swagger""" - null null (d509f86a)
2025-11-09T00:01:06.4477771+02:00 0HNGV297LQSP4:00000003 [INF] Request finished "HTTP/2" "GET" "https"://"localhost:7150""""/swagger""" - 301 0 null 200.9548ms (74253ad3)
2025-11-09T00:01:06.4543017+02:00 0HNGV297LQSP4:00000005 [INF] Request starting "HTTP/2" "GET" "https"://"localhost:7150""""/swagger/index.html""" - null null (d509f86a)
2025-11-09T00:01:06.5708515+02:00 0HNGV297LQSP4:00000005 [INF] Request finished "HTTP/2" "GET" "https"://"localhost:7150""""/swagger/index.html""" - 200 null "text/html;charset=utf-8" 116.7754ms (74253ad3)
2025-11-09T00:01:06.5875965+02:00 0HNGV297LQSP4:00000007 [INF] Request starting "HTTP/2" "GET" "https"://"localhost:7150""""/_vs/browserLink""" - null null (d509f86a)
2025-11-09T00:01:06.6128449+02:00 0HNGV297LQSP4:00000009 [INF] Request starting "HTTP/2" "GET" "https"://"localhost:7150""""/swagger/swagger-ui.css""" - null null (d509f86a)
2025-11-09T00:01:06.6928686+02:00 0HNGV297LQSP4:00000009 [INF] Sending file. Request path: '"/swagger-ui.css"'. Physical path: '"N/A"' (27b0a520)
2025-11-09T00:01:06.6930779+02:00 0HNGV297LQSP4:00000009 [INF] Request finished "HTTP/2" "GET" "https"://"localhost:7150""""/swagger/swagger-ui.css""" - 200 152034 "text/css" 80.5405ms (74253ad3)
2025-11-09T00:01:06.7767049+02:00 0HNGV297LQSP4:0000000B [INF] Request starting "HTTP/2" "GET" "https"://"localhost:7150""""/_framework/aspnetcore-browser-refresh.js""" - null null (d509f86a)
2025-11-09T00:01:06.7861057+02:00 0HNGV297LQSP4:00000007 [INF] Request finished "HTTP/2" "GET" "https"://"localhost:7150""""/_vs/browserLink""" - 200 null "text/javascript; charset=UTF-8" 198.3411ms (74253ad3)
2025-11-09T00:01:06.7866611+02:00 0HNGV297LQSP4:0000000B [INF] Request finished "HTTP/2" "GET" "https"://"localhost:7150""""/_framework/aspnetcore-browser-refresh.js""" - 200 13770 "application/javascript; charset=utf-8" 10.3559ms (74253ad3)
2025-11-09T00:01:06.8579720+02:00 0HNGV297LQSP4:0000000D [INF] Request starting "HTTP/2" "GET" "https"://"localhost:7150""""/swagger/favicon-16x16.png""" - null null (d509f86a)
2025-11-09T00:01:06.8588007+02:00 0HNGV297LQSP4:0000000D [INF] Sending file. Request path: '"/favicon-16x16.png"'. Physical path: '"N/A"' (27b0a520)
2025-11-09T00:01:06.8589528+02:00 0HNGV297LQSP4:0000000D [INF] Request finished "HTTP/2" "GET" "https"://"localhost:7150""""/swagger/favicon-16x16.png""" - 200 665 "image/png" 1.6965ms (74253ad3)
2025-11-09T00:01:06.9062728+02:00 0HNGV297LQSP4:0000000F [INF] Request starting "HTTP/2" "GET" "https"://"localhost:7150""""/swagger/v1/swagger.json""" - null null (d509f86a)
2025-11-09T00:01:07.0639326+02:00 0HNGV297LQSP4:0000000F [INF] Request finished "HTTP/2" "GET" "https"://"localhost:7150""""/swagger/v1/swagger.json""" - 200 null "application/json;charset=utf-8" 157.7529ms (74253ad3)
2025-11-09T00:01:22.7562427+02:00  [INF] User profile is available. Using '"C:\Users\ThatoTs\AppData\Local\ASP.NET\DataProtection-Keys"' as key repository and Windows DPAPI to encrypt keys at rest. (7ac5e29c)
2025-11-09T00:01:23.0278895+02:00  [INF] Now listening on: "http://localhost:5031" (d826f4b8)
2025-11-09T00:01:23.0853155+02:00  [INF] Application started. Press Ctrl+C to shut down. (dcaefe54)
2025-11-09T00:01:23.0880630+02:00  [INF] Hosting environment: "Development" (bc5a1a4e)
2025-11-09T00:01:23.0905738+02:00  [INF] Content root path: "D:\HomeSpace\E_Prescribing_API\E_Prescribing_API" (cc26f24e)
2025-11-09T00:01:23.8816625+02:00 0HNGV29DJU19K:00000001 [INF] Request starting "HTTP/1.1" "GET" "http"://"localhost:5031""""/swagger""" - null null (d509f86a)
2025-11-09T00:01:24.1210876+02:00 0HNGV29DJU19K:00000001 [INF] Request finished "HTTP/1.1" "GET" "http"://"localhost:5031""""/swagger""" - 301 0 null 247.6899ms (74253ad3)
2025-11-09T00:01:24.1352301+02:00 0HNGV29DJU19K:00000002 [INF] Request starting "HTTP/1.1" "GET" "http"://"localhost:5031""""/swagger/index.html""" - null null (d509f86a)
2025-11-09T00:01:24.1944260+02:00 0HNGV29DJU19K:00000002 [INF] Request finished "HTTP/1.1" "GET" "http"://"localhost:5031""""/swagger/index.html""" - 200 null "text/html;charset=utf-8" 59.8448ms (74253ad3)
2025-11-09T00:01:24.2497975+02:00 0HNGV29DJU19K:00000003 [INF] Request starting "HTTP/1.1" "GET" "http"://"localhost:5031""""/swagger/swagger-ui.css""" - null null (d509f86a)
2025-11-09T00:01:24.2554263+02:00 0HNGV29DJU19L:00000001 [INF] Request starting "HTTP/1.1" "GET" "http"://"localhost:5031""""/swagger/swagger-ui-bundle.js""" - null null (d509f86a)
2025-11-09T00:01:24.2625321+02:00 0HNGV29DJU19M:00000001 [INF] Request starting "HTTP/1.1" "GET" "http"://"localhost:5031""""/swagger/swagger-ui-standalone-preset.js""" - null null (d509f86a)
2025-11-09T00:01:24.2716728+02:00 0HNGV29DJU19N:00000001 [INF] Request starting "HTTP/1.1" "GET" "http"://"localhost:5031""""/_vs/browserLink""" - null null (d509f86a)
2025-11-09T00:01:24.2726003+02:00 0HNGV29DJU19O:00000001 [INF] Request starting "HTTP/1.1" "GET" "http"://"localhost:5031""""/_framework/aspnetcore-browser-refresh.js""" - null null (d509f86a)
2025-11-09T00:01:24.2804271+02:00 0HNGV29DJU19O:00000001 [INF] Request finished "HTTP/1.1" "GET" "http"://"localhost:5031""""/_framework/aspnetcore-browser-refresh.js""" - 200 13770 "application/javascript; charset=utf-8" 7.9632ms (74253ad3)
2025-11-09T00:01:24.3505695+02:00 0HNGV29DJU19L:00000001 [INF] Sending file. Request path: '"/swagger-ui-bundle.js"'. Physical path: '"N/A"' (27b0a520)
2025-11-09T00:01:24.3505695+02:00 0HNGV29DJU19K:00000003 [INF] Sending file. Request path: '"/swagger-ui.css"'. Physical path: '"N/A"' (27b0a520)
2025-11-09T00:01:24.3505713+02:00 0HNGV29DJU19M:00000001 [INF] Sending file. Request path: '"/swagger-ui-standalone-preset.js"'. Physical path: '"N/A"' (27b0a520)
2025-11-09T00:01:24.3529042+02:00 0HNGV29DJU19M:00000001 [INF] Request finished "HTTP/1.1" "GET" "http"://"localhost:5031""""/swagger/swagger-ui-standalone-preset.js""" - 200 230280 "text/javascript" 91.1892ms (74253ad3)
2025-11-09T00:01:24.3529065+02:00 0HNGV29DJU19L:00000001 [INF] Request finished "HTTP/1.1" "GET" "http"://"localhost:5031""""/swagger/swagger-ui-bundle.js""" - 200 1456926 "text/javascript" 97.5325ms (74253ad3)
2025-11-09T00:01:24.3529042+02:00 0HNGV29DJU19K:00000003 [INF] Request finished "HTTP/1.1" "GET" "http"://"localhost:5031""""/swagger/swagger-ui.css""" - 200 152034 "text/css" 103.3042ms (74253ad3)
2025-11-09T00:01:24.3683495+02:00 0HNGV29DJU19N:00000001 [INF] Request finished "HTTP/1.1" "GET" "http"://"localhost:5031""""/_vs/browserLink""" - 200 null "text/javascript; charset=UTF-8" 96.8334ms (74253ad3)
2025-11-09T00:01:24.5366345+02:00 0HNGV29DJU19L:00000002 [INF] Request starting "HTTP/1.1" "GET" "http"://"localhost:5031""""/swagger/favicon-16x16.png""" - null null (d509f86a)
2025-11-09T00:01:24.5373716+02:00 0HNGV29DJU19L:00000002 [INF] Sending file. Request path: '"/favicon-16x16.png"'. Physical path: '"N/A"' (27b0a520)
2025-11-09T00:01:24.5374879+02:00 0HNGV29DJU19L:00000002 [INF] Request finished "HTTP/1.1" "GET" "http"://"localhost:5031""""/swagger/favicon-16x16.png""" - 200 665 "image/png" 0.9521ms (74253ad3)
2025-11-09T00:01:24.5814092+02:00 0HNGV29DJU19L:00000003 [INF] Request starting "HTTP/1.1" "GET" "http"://"localhost:5031""""/swagger/v1/swagger.json""" - null null (d509f86a)
2025-11-09T00:01:24.6957371+02:00 0HNGV29DJU19L:00000003 [INF] Request finished "HTTP/1.1" "GET" "http"://"localhost:5031""""/swagger/v1/swagger.json""" - 200 null "application/json;charset=utf-8" 114.3516ms (74253ad3)
2025-11-09T01:05:49.9977062+02:00 0HNGV29DJU19P:00000001 [INF] Request starting "HTTP/1.1" "OPTIONS" "http"://"localhost:5031""""/api/Account/Login""" - null null (d509f86a)
2025-11-09T01:05:50.0472015+02:00 0HNGV29DJU19P:00000001 [WRN] Failed to determine the https port for redirect. (ca76cc21)
2025-11-09T01:05:50.0510505+02:00 0HNGV29DJU19P:00000001 [INF] Executing endpoint '"405 HTTP Method Not Supported"' (500cc934)
2025-11-09T01:05:50.0512139+02:00 0HNGV29DJU19P:00000001 [INF] Executed endpoint '"405 HTTP Method Not Supported"' (99874f2b)
2025-11-09T01:05:50.0514966+02:00 0HNGV29DJU19P:00000001 [INF] Request finished "HTTP/1.1" "OPTIONS" "http"://"localhost:5031""""/api/Account/Login""" - 405 0 null 54.2081ms (74253ad3)
2025-11-09T01:11:50.1528469+02:00  [INF] User profile is available. Using '"C:\Users\ThatoTs\AppData\Local\ASP.NET\DataProtection-Keys"' as key repository and Windows DPAPI to encrypt keys at rest. (7ac5e29c)
2025-11-09T01:11:50.4016007+02:00  [INF] Now listening on: "http://localhost:5031" (d826f4b8)
2025-11-09T01:11:50.4533333+02:00  [INF] Application started. Press Ctrl+C to shut down. (dcaefe54)
2025-11-09T01:11:50.4559691+02:00  [INF] Hosting environment: "Development" (bc5a1a4e)
2025-11-09T01:11:50.4584391+02:00  [INF] Content root path: "D:\HomeSpace\E_Prescribing_API\E_Prescribing_API" (cc26f24e)
2025-11-09T01:11:51.1813558+02:00 0HNGV3GPDQD22:00000001 [INF] Request starting "HTTP/1.1" "GET" "http"://"localhost:5031""""/swagger""" - null null (d509f86a)
2025-11-09T01:11:51.3678115+02:00 0HNGV3GPDQD22:00000001 [INF] Request finished "HTTP/1.1" "GET" "http"://"localhost:5031""""/swagger""" - 301 0 null 192.0338ms (74253ad3)
2025-11-09T01:11:51.3767454+02:00 0HNGV3GPDQD22:00000002 [INF] Request starting "HTTP/1.1" "GET" "http"://"localhost:5031""""/swagger/index.html""" - null null (d509f86a)
2025-11-09T01:11:51.4356369+02:00 0HNGV3GPDQD22:00000002 [INF] Request finished "HTTP/1.1" "GET" "http"://"localhost:5031""""/swagger/index.html""" - 200 null "text/html;charset=utf-8" 59.0361ms (74253ad3)
2025-11-09T01:11:51.4634534+02:00 0HNGV3GPDQD22:00000003 [INF] Request starting "HTTP/1.1" "GET" "http"://"localhost:5031""""/swagger/swagger-ui.css""" - null null (d509f86a)
2025-11-09T01:11:51.4656374+02:00 0HNGV3GPDQD23:00000001 [INF] Request starting "HTTP/1.1" "GET" "http"://"localhost:5031""""/swagger/swagger-ui-bundle.js""" - null null (d509f86a)
2025-11-09T01:11:51.4673327+02:00 0HNGV3GPDQD24:00000001 [INF] Request starting "HTTP/1.1" "GET" "http"://"localhost:5031""""/swagger/swagger-ui-standalone-preset.js""" - null null (d509f86a)
2025-11-09T01:11:51.4677546+02:00 0HNGV3GPDQD26:00000001 [INF] Request starting "HTTP/1.1" "GET" "http"://"localhost:5031""""/_framework/aspnetcore-browser-refresh.js""" - null null (d509f86a)
2025-11-09T01:11:51.4680461+02:00 0HNGV3GPDQD25:00000001 [INF] Request starting "HTTP/1.1" "GET" "http"://"localhost:5031""""/_vs/browserLink""" - null null (d509f86a)
2025-11-09T01:11:51.4767992+02:00 0HNGV3GPDQD26:00000001 [INF] Request finished "HTTP/1.1" "GET" "http"://"localhost:5031""""/_framework/aspnetcore-browser-refresh.js""" - 200 13770 "application/javascript; charset=utf-8" 9.0571ms (74253ad3)
2025-11-09T01:11:51.5362150+02:00 0HNGV3GPDQD22:00000003 [INF] Sending file. Request path: '"/swagger-ui.css"'. Physical path: '"N/A"' (27b0a520)
2025-11-09T01:11:51.5362138+02:00 0HNGV3GPDQD24:00000001 [INF] Sending file. Request path: '"/swagger-ui-standalone-preset.js"'. Physical path: '"N/A"' (27b0a520)
2025-11-09T01:11:51.5366671+02:00 0HNGV3GPDQD23:00000001 [INF] Sending file. Request path: '"/swagger-ui-bundle.js"'. Physical path: '"N/A"' (27b0a520)
2025-11-09T01:11:51.5383515+02:00 0HNGV3GPDQD24:00000001 [INF] Request finished "HTTP/1.1" "GET" "http"://"localhost:5031""""/swagger/swagger-ui-standalone-preset.js""" - 200 230280 "text/javascript" 71.6202ms (74253ad3)
2025-11-09T01:11:51.5383560+02:00 0HNGV3GPDQD22:00000003 [INF] Request finished "HTTP/1.1" "GET" "http"://"localhost:5031""""/swagger/swagger-ui.css""" - 200 152034 "text/css" 75.0475ms (74253ad3)
2025-11-09T01:11:51.5383516+02:00 0HNGV3GPDQD23:00000001 [INF] Request finished "HTTP/1.1" "GET" "http"://"localhost:5031""""/swagger/swagger-ui-bundle.js""" - 200 1456926 "text/javascript" 73.1368ms (74253ad3)
2025-11-09T01:11:51.5501093+02:00 0HNGV3GPDQD25:00000001 [INF] Request finished "HTTP/1.1" "GET" "http"://"localhost:5031""""/_vs/browserLink""" - 200 null "text/javascript; charset=UTF-8" 82.2169ms (74253ad3)
2025-11-09T01:11:51.6806253+02:00 0HNGV3GPDQD23:00000002 [INF] Request starting "HTTP/1.1" "GET" "http"://"localhost:5031""""/swagger/favicon-16x16.png""" - null null (d509f86a)
2025-11-09T01:11:51.6818002+02:00 0HNGV3GPDQD23:00000002 [INF] Sending file. Request path: '"/favicon-16x16.png"'. Physical path: '"N/A"' (27b0a520)
2025-11-09T01:11:51.6819569+02:00 0HNGV3GPDQD23:00000002 [INF] Request finished "HTTP/1.1" "GET" "http"://"localhost:5031""""/swagger/favicon-16x16.png""" - 200 665 "image/png" 1.4104ms (74253ad3)
2025-11-09T01:11:51.7141574+02:00 0HNGV3GPDQD23:00000003 [INF] Request starting "HTTP/1.1" "GET" "http"://"localhost:5031""""/swagger/v1/swagger.json""" - null null (d509f86a)
2025-11-09T01:11:51.8351327+02:00 0HNGV3GPDQD23:00000003 [INF] Request finished "HTTP/1.1" "GET" "http"://"localhost:5031""""/swagger/v1/swagger.json""" - 200 null "application/json;charset=utf-8" 121.0438ms (74253ad3)
2025-11-09T01:11:58.9939148+02:00 0HNGV3GPDQD27:00000001 [INF] Request starting "HTTP/1.1" "OPTIONS" "http"://"localhost:5031""""/api/Account/Login""" - null null (d509f86a)
2025-11-09T01:11:59.0166786+02:00 0HNGV3GPDQD27:00000001 [WRN] Failed to determine the https port for redirect. (ca76cc21)
2025-11-09T01:11:59.0184408+02:00 0HNGV3GPDQD27:00000001 [INF] CORS policy execution successful. (5409d6ef)
2025-11-09T01:11:59.0218529+02:00 0HNGV3GPDQD27:00000001 [INF] Request finished "HTTP/1.1" "OPTIONS" "http"://"localhost:5031""""/api/Account/Login""" - 204 null null 28.0691ms (74253ad3)
2025-11-09T01:11:59.0336071+02:00 0HNGV3GPDQD27:00000002 [INF] Request starting "HTTP/1.1" "POST" "http"://"localhost:5031""""/api/Account/Login""" - "application/json" 55 (d509f86a)
2025-11-09T01:11:59.0383882+02:00 0HNGV3GPDQD27:00000002 [INF] CORS policy execution successful. (5409d6ef)
2025-11-09T01:11:59.0421617+02:00 0HNGV3GPDQD27:00000002 [INF] Executing endpoint '"E_Prescribing_API.Controllers.AccountController.Login (E_Prescribing_API)"' (500cc934)
2025-11-09T01:11:59.0714756+02:00 0HNGV3GPDQD27:00000002 [INF] Route matched with "{action = \"Login\", controller = \"Account\"}". Executing controller action with signature "System.Threading.Tasks.Task`1[Microsoft.AspNetCore.Mvc.IActionResult] Login(E_Prescribing_API.CollectionModel.LoginCollection)" on controller "E_Prescribing_API.Controllers.AccountController" ("E_Prescribing_API"). (122b2fdf)
2025-11-09T01:12:01.0467658+02:00 0HNGV3GPDQD27:00000002 [INF] Executed DbCommand ("76"ms) [Parameters=["@__normalizedUserName_0='?' (Size = 256)"], CommandType='Text', CommandTimeout='30']"
""SELECT TOP(1) [a].[Id], [a].[AccessFailedCount], [a].[ConcurrencyStamp], [a].[Email], [a].[EmailConfirmed], [a].[LockoutEnabled], [a].[LockoutEnd], [a].[NormalizedEmail], [a].[NormalizedUserName], [a].[PasswordHash], [a].[PhoneNumber], [a].[PhoneNumberConfirmed], [a].[SecurityStamp], [a].[TwoFactorEnabled], [a].[UserName]
FROM [AspNetUsers] AS [a]
WHERE [a].[NormalizedUserName] = @__normalizedUserName_0" (0723d8ff)
2025-11-09T01:12:01.0658277+02:00 0HNGV3GPDQD27:00000002 [INF] Executing "UnauthorizedObjectResult", writing value of type '"<>f__AnonymousType2`1[[System.String, System.Private.CoreLib, Version=8.0.0.0, Culture=neutral, PublicKeyToken=7cec85d7bea7798e]]"'. (605b4265)
2025-11-09T01:12:01.0706003+02:00 0HNGV3GPDQD27:00000002 [INF] Executed action "E_Prescribing_API.Controllers.AccountController.Login (E_Prescribing_API)" in 1996.1196ms (afa2e885)
2025-11-09T01:12:01.0711647+02:00 0HNGV3GPDQD27:00000002 [INF] Executed endpoint '"E_Prescribing_API.Controllers.AccountController.Login (E_Prescribing_API)"' (99874f2b)
2025-11-09T01:12:01.0777820+02:00 0HNGV3GPDQD27:00000002 [INF] Request finished "HTTP/1.1" "POST" "http"://"localhost:5031""""/api/Account/Login""" - 401 null "application/json; charset=utf-8" 2044.3589ms (74253ad3)
2025-11-09T01:14:44.4854356+02:00 0HNGV3GPDQD27:00000003 [INF] Request starting "HTTP/1.1" "OPTIONS" "http"://"localhost:5031""""/api/Account/Login""" - null null (d509f86a)
2025-11-09T01:14:44.4890725+02:00 0HNGV3GPDQD27:00000003 [INF] CORS policy execution successful. (5409d6ef)
2025-11-09T01:14:44.4893496+02:00 0HNGV3GPDQD27:00000003 [INF] Request finished "HTTP/1.1" "OPTIONS" "http"://"localhost:5031""""/api/Account/Login""" - 204 null null 4.5393ms (74253ad3)
2025-11-09T01:14:44.5013188+02:00 0HNGV3GPDQD27:00000004 [INF] Request starting "HTTP/1.1" "POST" "http"://"localhost:5031""""/api/Account/Login""" - "application/json" 41 (d509f86a)
2025-11-09T01:14:44.5020085+02:00 0HNGV3GPDQD27:00000004 [INF] CORS policy execution successful. (5409d6ef)
2025-11-09T01:14:44.5024026+02:00 0HNGV3GPDQD27:00000004 [INF] Executing endpoint '"E_Prescribing_API.Controllers.AccountController.Login (E_Prescribing_API)"' (500cc934)
2025-11-09T01:14:44.5030516+02:00 0HNGV3GPDQD27:00000004 [INF] Route matched with "{action = \"Login\", controller = \"Account\"}". Executing controller action with signature "System.Threading.Tasks.Task`1[Microsoft.AspNetCore.Mvc.IActionResult] Login(E_Prescribing_API.CollectionModel.LoginCollection)" on controller "E_Prescribing_API.Controllers.AccountController" ("E_Prescribing_API"). (122b2fdf)
2025-11-09T01:14:44.5787988+02:00 0HNGV3GPDQD27:00000004 [INF] Executed DbCommand ("9"ms) [Parameters=["@__normalizedUserName_0='?' (Size = 256)"], CommandType='Text', CommandTimeout='30']"
""SELECT TOP(1) [a].[Id], [a].[AccessFailedCount], [a].[ConcurrencyStamp], [a].[Email], [a].[EmailConfirmed], [a].[LockoutEnabled], [a].[LockoutEnd], [a].[NormalizedEmail], [a].[NormalizedUserName], [a].[PasswordHash], [a].[PhoneNumber], [a].[PhoneNumberConfirmed], [a].[SecurityStamp], [a].[TwoFactorEnabled], [a].[UserName]
FROM [AspNetUsers] AS [a]
WHERE [a].[NormalizedUserName] = @__normalizedUserName_0" (0723d8ff)
2025-11-09T01:14:45.3652384+02:00 0HNGV3GPDQD27:00000004 [INF] Executed DbCommand ("12"ms) [Parameters=["@__userId_0='?' (DbType = Int32)"], CommandType='Text', CommandTimeout='30']"
""SELECT [a0].[Name]
FROM [AspNetUserRoles] AS [a]
INNER JOIN [AspNetRoles] AS [a0] ON [a].[RoleId] = [a0].[Id]
WHERE [a].[UserId] = @__userId_0" (0723d8ff)
2025-11-09T01:14:45.6072980+02:00 0HNGV3GPDQD27:00000004 [INF] Executing "OkObjectResult", writing value of type '"<>f__AnonymousType3`3[[System.String, System.Private.CoreLib, Version=8.0.0.0, Culture=neutral, PublicKeyToken=7cec85d7bea7798e],[System.Nullable`1[[System.DateTime, System.Private.CoreLib, Version=8.0.0.0, Culture=neutral, PublicKeyToken=7cec85d7bea7798e]], System.Private.CoreLib, Version=8.0.0.0, Culture=neutral, PublicKeyToken=7cec85d7bea7798e],[<>f__AnonymousType4`3[[System.Int32, System.Private.CoreLib, Version=8.0.0.0, Culture=neutral, PublicKeyToken=7cec85d7bea7798e],[System.String, System.Private.CoreLib, Version=8.0.0.0, Culture=neutral, PublicKeyToken=7cec85d7bea7798e],[System.Collections.Generic.IList`1[[System.String, System.Private.CoreLib, Version=8.0.0.0, Culture=neutral, PublicKeyToken=7cec85d7bea7798e]], System.Private.CoreLib, Version=8.0.0.0, Culture=neutral, PublicKeyToken=7cec85d7bea7798e]], E_Prescribing_API, Version=1.0.0.0, Culture=neutral, PublicKeyToken=null]]"'. (605b4265)
2025-11-09T01:14:45.6137102+02:00 0HNGV3GPDQD27:00000004 [INF] Executed action "E_Prescribing_API.Controllers.AccountController.Login (E_Prescribing_API)" in 1110.5916ms (afa2e885)
2025-11-09T01:14:45.6137487+02:00 0HNGV3GPDQD27:00000004 [INF] Executed endpoint '"E_Prescribing_API.Controllers.AccountController.Login (E_Prescribing_API)"' (99874f2b)
2025-11-09T01:14:45.6139095+02:00 0HNGV3GPDQD27:00000004 [INF] Request finished "HTTP/1.1" "POST" "http"://"localhost:5031""""/api/Account/Login""" - 200 null "application/json; charset=utf-8" 1112.8026ms (74253ad3)
2025-11-09T01:15:58.6073222+02:00 0HNGV3GPDQD27:00000005 [INF] Request starting "HTTP/1.1" "OPTIONS" "http"://"localhost:5031""""/api/Account/Login""" - null null (d509f86a)
2025-11-09T01:15:58.6088950+02:00 0HNGV3GPDQD27:00000005 [INF] CORS policy execution successful. (5409d6ef)
2025-11-09T01:15:58.6090754+02:00 0HNGV3GPDQD27:00000005 [INF] Request finished "HTTP/1.1" "OPTIONS" "http"://"localhost:5031""""/api/Account/Login""" - 204 null null 1.9377ms (74253ad3)
2025-11-09T01:15:58.6189895+02:00 0HNGV3GPDQD27:00000006 [INF] Request starting "HTTP/1.1" "POST" "http"://"localhost:5031""""/api/Account/Login""" - "application/json" 41 (d509f86a)
2025-11-09T01:15:58.6193815+02:00 0HNGV3GPDQD27:00000006 [INF] CORS policy execution successful. (5409d6ef)
2025-11-09T01:15:58.6196634+02:00 0HNGV3GPDQD27:00000006 [INF] Executing endpoint '"E_Prescribing_API.Controllers.AccountController.Login (E_Prescribing_API)"' (500cc934)
2025-11-09T01:15:58.6198198+02:00 0HNGV3GPDQD27:00000006 [INF] Route matched with "{action = \"Login\", controller = \"Account\"}". Executing controller action with signature "System.Threading.Tasks.Task`1[Microsoft.AspNetCore.Mvc.IActionResult] Login(E_Prescribing_API.CollectionModel.LoginCollection)" on controller "E_Prescribing_API.Controllers.AccountController" ("E_Prescribing_API"). (122b2fdf)
2025-11-09T01:15:58.6484706+02:00 0HNGV3GPDQD27:00000006 [INF] Executed DbCommand ("5"ms) [Parameters=["@__normalizedUserName_0='?' (Size = 256)"], CommandType='Text', CommandTimeout='30']"
""SELECT TOP(1) [a].[Id], [a].[AccessFailedCount], [a].[ConcurrencyStamp], [a].[Email], [a].[EmailConfirmed], [a].[LockoutEnabled], [a].[LockoutEnd], [a].[NormalizedEmail], [a].[NormalizedUserName], [a].[PasswordHash], [a].[PhoneNumber], [a].[PhoneNumberConfirmed], [a].[SecurityStamp], [a].[TwoFactorEnabled], [a].[UserName]
FROM [AspNetUsers] AS [a]
WHERE [a].[NormalizedUserName] = @__normalizedUserName_0" (0723d8ff)
2025-11-09T01:15:58.7326967+02:00 0HNGV3GPDQD27:00000006 [INF] Executed DbCommand ("4"ms) [Parameters=["@__userId_0='?' (DbType = Int32)"], CommandType='Text', CommandTimeout='30']"
""SELECT [a0].[Name]
FROM [AspNetUserRoles] AS [a]
INNER JOIN [AspNetRoles] AS [a0] ON [a].[RoleId] = [a0].[Id]
WHERE [a].[UserId] = @__userId_0" (0723d8ff)
2025-11-09T01:15:58.7333911+02:00 0HNGV3GPDQD27:00000006 [INF] Executing "OkObjectResult", writing value of type '"<>f__AnonymousType3`3[[System.String, System.Private.CoreLib, Version=8.0.0.0, Culture=neutral, PublicKeyToken=7cec85d7bea7798e],[System.Nullable`1[[System.DateTime, System.Private.CoreLib, Version=8.0.0.0, Culture=neutral, PublicKeyToken=7cec85d7bea7798e]], System.Private.CoreLib, Version=8.0.0.0, Culture=neutral, PublicKeyToken=7cec85d7bea7798e],[<>f__AnonymousType4`3[[System.Int32, System.Private.CoreLib, Version=8.0.0.0, Culture=neutral, PublicKeyToken=7cec85d7bea7798e],[System.String, System.Private.CoreLib, Version=8.0.0.0, Culture=neutral, PublicKeyToken=7cec85d7bea7798e],[System.Collections.Generic.IList`1[[System.String, System.Private.CoreLib, Version=8.0.0.0, Culture=neutral, PublicKeyToken=7cec85d7bea7798e]], System.Private.CoreLib, Version=8.0.0.0, Culture=neutral, PublicKeyToken=7cec85d7bea7798e]], E_Prescribing_API, Version=1.0.0.0, Culture=neutral, PublicKeyToken=null]]"'. (605b4265)
2025-11-09T01:15:58.7335820+02:00 0HNGV3GPDQD27:00000006 [INF] Executed action "E_Prescribing_API.Controllers.AccountController.Login (E_Prescribing_API)" in 113.7322ms (afa2e885)
2025-11-09T01:15:58.7336195+02:00 0HNGV3GPDQD27:00000006 [INF] Executed endpoint '"E_Prescribing_API.Controllers.AccountController.Login (E_Prescribing_API)"' (99874f2b)
2025-11-09T01:15:58.7337809+02:00 0HNGV3GPDQD27:00000006 [INF] Request finished "HTTP/1.1" "POST" "http"://"localhost:5031""""/api/Account/Login""" - 200 null "application/json; charset=utf-8" 114.8487ms (74253ad3)
2025-11-09T01:16:25.2049750+02:00 0HNGV3GPDQD27:00000007 [INF] Request starting "HTTP/1.1" "OPTIONS" "http"://"localhost:5031""""/api/Account/Login""" - null null (d509f86a)
2025-11-09T01:16:25.2057437+02:00 0HNGV3GPDQD27:00000007 [INF] CORS policy execution successful. (5409d6ef)
2025-11-09T01:16:25.2061342+02:00 0HNGV3GPDQD27:00000007 [INF] Request finished "HTTP/1.1" "OPTIONS" "http"://"localhost:5031""""/api/Account/Login""" - 204 null null 1.1024ms (74253ad3)
2025-11-09T01:16:25.2168530+02:00 0HNGV3GPDQD27:00000008 [INF] Request starting "HTTP/1.1" "POST" "http"://"localhost:5031""""/api/Account/Login""" - "application/json" 41 (d509f86a)
2025-11-09T01:16:25.2171630+02:00 0HNGV3GPDQD27:00000008 [INF] CORS policy execution successful. (5409d6ef)
2025-11-09T01:16:25.2172333+02:00 0HNGV3GPDQD27:00000008 [INF] Executing endpoint '"E_Prescribing_API.Controllers.AccountController.Login (E_Prescribing_API)"' (500cc934)
2025-11-09T01:16:25.2173213+02:00 0HNGV3GPDQD27:00000008 [INF] Route matched with "{action = \"Login\", controller = \"Account\"}". Executing controller action with signature "System.Threading.Tasks.Task`1[Microsoft.AspNetCore.Mvc.IActionResult] Login(E_Prescribing_API.CollectionModel.LoginCollection)" on controller "E_Prescribing_API.Controllers.AccountController" ("E_Prescribing_API"). (122b2fdf)
2025-11-09T01:16:25.2256613+02:00 0HNGV3GPDQD27:00000008 [INF] Executed DbCommand ("4"ms) [Parameters=["@__normalizedUserName_0='?' (Size = 256)"], CommandType='Text', CommandTimeout='30']"
""SELECT TOP(1) [a].[Id], [a].[AccessFailedCount], [a].[ConcurrencyStamp], [a].[Email], [a].[EmailConfirmed], [a].[LockoutEnabled], [a].[LockoutEnd], [a].[NormalizedEmail], [a].[NormalizedUserName], [a].[PasswordHash], [a].[PhoneNumber], [a].[PhoneNumberConfirmed], [a].[SecurityStamp], [a].[TwoFactorEnabled], [a].[UserName]
FROM [AspNetUsers] AS [a]
WHERE [a].[NormalizedUserName] = @__normalizedUserName_0" (0723d8ff)
2025-11-09T01:16:25.2991741+02:00 0HNGV3GPDQD27:00000008 [INF] Executed DbCommand ("1"ms) [Parameters=["@__userId_0='?' (DbType = Int32)"], CommandType='Text', CommandTimeout='30']"
""SELECT [a0].[Name]
FROM [AspNetUserRoles] AS [a]
INNER JOIN [AspNetRoles] AS [a0] ON [a].[RoleId] = [a0].[Id]
WHERE [a].[UserId] = @__userId_0" (0723d8ff)
2025-11-09T01:16:25.2996727+02:00 0HNGV3GPDQD27:00000008 [INF] Executing "OkObjectResult", writing value of type '"<>f__AnonymousType3`3[[System.String, System.Private.CoreLib, Version=8.0.0.0, Culture=neutral, PublicKeyToken=7cec85d7bea7798e],[System.Nullable`1[[System.DateTime, System.Private.CoreLib, Version=8.0.0.0, Culture=neutral, PublicKeyToken=7cec85d7bea7798e]], System.Private.CoreLib, Version=8.0.0.0, Culture=neutral, PublicKeyToken=7cec85d7bea7798e],[<>f__AnonymousType4`3[[System.Int32, System.Private.CoreLib, Version=8.0.0.0, Culture=neutral, PublicKeyToken=7cec85d7bea7798e],[System.String, System.Private.CoreLib, Version=8.0.0.0, Culture=neutral, PublicKeyToken=7cec85d7bea7798e],[System.Collections.Generic.IList`1[[System.String, System.Private.CoreLib, Version=8.0.0.0, Culture=neutral, PublicKeyToken=7cec85d7bea7798e]], System.Private.CoreLib, Version=8.0.0.0, Culture=neutral, PublicKeyToken=7cec85d7bea7798e]], E_Prescribing_API, Version=1.0.0.0, Culture=neutral, PublicKeyToken=null]]"'. (605b4265)
2025-11-09T01:16:25.2998428+02:00 0HNGV3GPDQD27:00000008 [INF] Executed action "E_Prescribing_API.Controllers.AccountController.Login (E_Prescribing_API)" in 82.4875ms (afa2e885)
2025-11-09T01:16:25.2998677+02:00 0HNGV3GPDQD27:00000008 [INF] Executed endpoint '"E_Prescribing_API.Controllers.AccountController.Login (E_Prescribing_API)"' (99874f2b)
2025-11-09T01:16:25.3000289+02:00 0HNGV3GPDQD27:00000008 [INF] Request finished "HTTP/1.1" "POST" "http"://"localhost:5031""""/api/Account/Login""" - 200 null "application/json; charset=utf-8" 83.2921ms (74253ad3)
2025-11-09T01:16:39.2716502+02:00 0HNGV3GPDQD27:00000009 [INF] Request starting "HTTP/1.1" "OPTIONS" "http"://"localhost:5031""""/api/Account/Login""" - null null (d509f86a)
2025-11-09T01:16:39.2723547+02:00 0HNGV3GPDQD27:00000009 [INF] CORS policy execution successful. (5409d6ef)
2025-11-09T01:16:39.2727983+02:00 0HNGV3GPDQD27:00000009 [INF] Request finished "HTTP/1.1" "OPTIONS" "http"://"localhost:5031""""/api/Account/Login""" - 204 null null 2.1989ms (74253ad3)
2025-11-09T01:16:39.2834712+02:00 0HNGV3GPDQD27:0000000A [INF] Request starting "HTTP/1.1" "POST" "http"://"localhost:5031""""/api/Account/Login""" - "application/json" 41 (d509f86a)
2025-11-09T01:16:39.2838122+02:00 0HNGV3GPDQD27:0000000A [INF] CORS policy execution successful. (5409d6ef)
2025-11-09T01:16:39.2838849+02:00 0HNGV3GPDQD27:0000000A [INF] Executing endpoint '"E_Prescribing_API.Controllers.AccountController.Login (E_Prescribing_API)"' (500cc934)
2025-11-09T01:16:39.2841949+02:00 0HNGV3GPDQD27:0000000A [INF] Route matched with "{action = \"Login\", controller = \"Account\"}". Executing controller action with signature "System.Threading.Tasks.Task`1[Microsoft.AspNetCore.Mvc.IActionResult] Login(E_Prescribing_API.CollectionModel.LoginCollection)" on controller "E_Prescribing_API.Controllers.AccountController" ("E_Prescribing_API"). (122b2fdf)
2025-11-09T01:16:39.3014309+02:00 0HNGV3GPDQD27:0000000A [INF] Executed DbCommand ("9"ms) [Parameters=["@__normalizedUserName_0='?' (Size = 256)"], CommandType='Text', CommandTimeout='30']"
""SELECT TOP(1) [a].[Id], [a].[AccessFailedCount], [a].[ConcurrencyStamp], [a].[Email], [a].[EmailConfirmed], [a].[LockoutEnabled], [a].[LockoutEnd], [a].[NormalizedEmail], [a].[NormalizedUserName], [a].[PasswordHash], [a].[PhoneNumber], [a].[PhoneNumberConfirmed], [a].[SecurityStamp], [a].[TwoFactorEnabled], [a].[UserName]
FROM [AspNetUsers] AS [a]
WHERE [a].[NormalizedUserName] = @__normalizedUserName_0" (0723d8ff)
2025-11-09T01:16:39.3835552+02:00 0HNGV3GPDQD27:0000000A [INF] Executed DbCommand ("5"ms) [Parameters=["@__userId_0='?' (DbType = Int32)"], CommandType='Text', CommandTimeout='30']"
""SELECT [a0].[Name]
FROM [AspNetUserRoles] AS [a]
INNER JOIN [AspNetRoles] AS [a0] ON [a].[RoleId] = [a0].[Id]
WHERE [a].[UserId] = @__userId_0" (0723d8ff)
2025-11-09T01:16:39.3842947+02:00 0HNGV3GPDQD27:0000000A [INF] Executing "OkObjectResult", writing value of type '"<>f__AnonymousType3`3[[System.String, System.Private.CoreLib, Version=8.0.0.0, Culture=neutral, PublicKeyToken=7cec85d7bea7798e],[System.Nullable`1[[System.DateTime, System.Private.CoreLib, Version=8.0.0.0, Culture=neutral, PublicKeyToken=7cec85d7bea7798e]], System.Private.CoreLib, Version=8.0.0.0, Culture=neutral, PublicKeyToken=7cec85d7bea7798e],[<>f__AnonymousType4`3[[System.Int32, System.Private.CoreLib, Version=8.0.0.0, Culture=neutral, PublicKeyToken=7cec85d7bea7798e],[System.String, System.Private.CoreLib, Version=8.0.0.0, Culture=neutral, PublicKeyToken=7cec85d7bea7798e],[System.Collections.Generic.IList`1[[System.String, System.Private.CoreLib, Version=8.0.0.0, Culture=neutral, PublicKeyToken=7cec85d7bea7798e]], System.Private.CoreLib, Version=8.0.0.0, Culture=neutral, PublicKeyToken=7cec85d7bea7798e]], E_Prescribing_API, Version=1.0.0.0, Culture=neutral, PublicKeyToken=null]]"'. (605b4265)
2025-11-09T01:16:39.3845678+02:00 0HNGV3GPDQD27:0000000A [INF] Executed action "E_Prescribing_API.Controllers.AccountController.Login (E_Prescribing_API)" in 100.3323ms (afa2e885)
2025-11-09T01:16:39.3846160+02:00 0HNGV3GPDQD27:0000000A [INF] Executed endpoint '"E_Prescribing_API.Controllers.AccountController.Login (E_Prescribing_API)"' (99874f2b)
2025-11-09T01:16:39.3848379+02:00 0HNGV3GPDQD27:0000000A [INF] Request finished "HTTP/1.1" "POST" "http"://"localhost:5031""""/api/Account/Login""" - 200 null "application/json; charset=utf-8" 101.429ms (74253ad3)
